[0.892s] Invoking command in '/mnt/5252B43652B420A1/Deep_Project/Counter_UAS/ros2_WS/src/perception_node': PYTHONPATH=/mnt/5252B43652B420A1/Deep_Project/Counter_UAS/ros2_WS/build/perception_node/prefix_override:/usr/lib/python3/dist-packages/colcon_core/task/python/colcon_distutils_commands:/mnt/5252B43652B420A1/Deep_Project/Counter_UAS/ros2_WS/install/perception_node/lib/python3.10/site-packages:${PYTHONPATH} /usr/bin/python3 -W ignore:setup.py install is deprecated -W ignore:easy_install command is deprecated setup.py egg_info --egg-base ../../build/perception_node build --build-base /mnt/5252B43652B420A1/Deep_Project/Counter_UAS/ros2_WS/build/perception_node/build install --record /mnt/5252B43652B420A1/Deep_Project/Counter_UAS/ros2_WS/build/perception_node/install.log --single-version-externally-managed install_data
[1.174s] running egg_info
[1.174s] creating ../../build/perception_node/perception_node.egg-info
[1.174s] writing ../../build/perception_node/perception_node.egg-info/PKG-INFO
[1.175s] writing dependency_links to ../../build/perception_node/perception_node.egg-info/dependency_links.txt
[1.175s] writing entry points to ../../build/perception_node/perception_node.egg-info/entry_points.txt
[1.175s] writing requirements to ../../build/perception_node/perception_node.egg-info/requires.txt
[1.175s] writing top-level names to ../../build/perception_node/perception_node.egg-info/top_level.txt
[1.176s] writing manifest file '../../build/perception_node/perception_node.egg-info/SOURCES.txt'
[1.179s] reading manifest file '../../build/perception_node/perception_node.egg-info/SOURCES.txt'
[1.180s] writing manifest file '../../build/perception_node/perception_node.egg-info/SOURCES.txt'
[1.180s] running build
[1.180s] running build_py
[1.180s] creating /mnt/5252B43652B420A1/Deep_Project/Counter_UAS/ros2_WS/build/perception_node/build
[1.180s] creating /mnt/5252B43652B420A1/Deep_Project/Counter_UAS/ros2_WS/build/perception_node/build/lib
[1.181s] creating /mnt/5252B43652B420A1/Deep_Project/Counter_UAS/ros2_WS/build/perception_node/build/lib/perception_node
[1.181s] copying perception_node/camera_viewer.py -> /mnt/5252B43652B420A1/Deep_Project/Counter_UAS/ros2_WS/build/perception_node/build/lib/perception_node
[1.181s] copying perception_node/detection_publisher.py -> /mnt/5252B43652B420A1/Deep_Project/Counter_UAS/ros2_WS/build/perception_node/build/lib/perception_node
[1.182s] copying perception_node/yolo_detector.py -> /mnt/5252B43652B420A1/Deep_Project/Counter_UAS/ros2_WS/build/perception_node/build/lib/perception_node
[1.182s] copying perception_node/__init__.py -> /mnt/5252B43652B420A1/Deep_Project/Counter_UAS/ros2_WS/build/perception_node/build/lib/perception_node
[1.182s] running install
[1.183s] running install_lib
[1.184s] creating /mnt/5252B43652B420A1/Deep_Project/Counter_UAS/ros2_WS/install/perception_node/lib/python3.10/site-packages/perception_node
[1.184s] copying /mnt/5252B43652B420A1/Deep_Project/Counter_UAS/ros2_WS/build/perception_node/build/lib/perception_node/camera_viewer.py -> /mnt/5252B43652B420A1/Deep_Project/Counter_UAS/ros2_WS/install/perception_node/lib/python3.10/site-packages/perception_node
[1.184s] copying /mnt/5252B43652B420A1/Deep_Project/Counter_UAS/ros2_WS/build/perception_node/build/lib/perception_node/detection_publisher.py -> /mnt/5252B43652B420A1/Deep_Project/Counter_UAS/ros2_WS/install/perception_node/lib/python3.10/site-packages/perception_node
[1.185s] copying /mnt/5252B43652B420A1/Deep_Project/Counter_UAS/ros2_WS/build/perception_node/build/lib/perception_node/yolo_detector.py -> /mnt/5252B43652B420A1/Deep_Project/Counter_UAS/ros2_WS/install/perception_node/lib/python3.10/site-packages/perception_node
[1.186s] copying /mnt/5252B43652B420A1/Deep_Project/Counter_UAS/ros2_WS/build/perception_node/build/lib/perception_node/__init__.py -> /mnt/5252B43652B420A1/Deep_Project/Counter_UAS/ros2_WS/install/perception_node/lib/python3.10/site-packages/perception_node
[1.187s] byte-compiling /mnt/5252B43652B420A1/Deep_Project/Counter_UAS/ros2_WS/install/perception_node/lib/python3.10/site-packages/perception_node/camera_viewer.py to camera_viewer.cpython-310.pyc
[1.189s] byte-compiling /mnt/5252B43652B420A1/Deep_Project/Counter_UAS/ros2_WS/install/perception_node/lib/python3.10/site-packages/perception_node/detection_publisher.py to detection_publisher.cpython-310.pyc
[1.191s] byte-compiling /mnt/5252B43652B420A1/Deep_Project/Counter_UAS/ros2_WS/install/perception_node/lib/python3.10/site-packages/perception_node/yolo_detector.py to yolo_detector.cpython-310.pyc
[1.192s] byte-compiling /mnt/5252B43652B420A1/Deep_Project/Counter_UAS/ros2_WS/install/perception_node/lib/python3.10/site-packages/perception_node/__init__.py to __init__.cpython-310.pyc
[1.192s] running install_data
[1.192s] creating /mnt/5252B43652B420A1/Deep_Project/Counter_UAS/ros2_WS/install/perception_node/share/ament_index
[1.192s] creating /mnt/5252B43652B420A1/Deep_Project/Counter_UAS/ros2_WS/install/perception_node/share/ament_index/resource_index
[1.193s] creating /mnt/5252B43652B420A1/Deep_Project/Counter_UAS/ros2_WS/install/perception_node/share/ament_index/resource_index/packages
[1.193s] copying resource/perception_node -> /mnt/5252B43652B420A1/Deep_Project/Counter_UAS/ros2_WS/install/perception_node/share/ament_index/resource_index/packages
[1.193s] copying package.xml -> /mnt/5252B43652B420A1/Deep_Project/Counter_UAS/ros2_WS/install/perception_node/share/perception_node
[1.194s] running install_egg_info
[1.196s] Copying ../../build/perception_node/perception_node.egg-info to /mnt/5252B43652B420A1/Deep_Project/Counter_UAS/ros2_WS/install/perception_node/lib/python3.10/site-packages/perception_node-0.0.0-py3.10.egg-info
[1.198s] running install_scripts
[1.224s] Installing camera_viewer script to /mnt/5252B43652B420A1/Deep_Project/Counter_UAS/ros2_WS/install/perception_node/lib/perception_node
[1.225s] Installing detection_publisher script to /mnt/5252B43652B420A1/Deep_Project/Counter_UAS/ros2_WS/install/perception_node/lib/perception_node
[1.226s] writing list of installed files to '/mnt/5252B43652B420A1/Deep_Project/Counter_UAS/ros2_WS/build/perception_node/install.log'
[1.255s] Invoked command in '/mnt/5252B43652B420A1/Deep_Project/Counter_UAS/ros2_WS/src/perception_node' returned '0': PYTHONPATH=/mnt/5252B43652B420A1/Deep_Project/Counter_UAS/ros2_WS/build/perception_node/prefix_override:/usr/lib/python3/dist-packages/colcon_core/task/python/colcon_distutils_commands:/mnt/5252B43652B420A1/Deep_Project/Counter_UAS/ros2_WS/install/perception_node/lib/python3.10/site-packages:${PYTHONPATH} /usr/bin/python3 -W ignore:setup.py install is deprecated -W ignore:easy_install command is deprecated setup.py egg_info --egg-base ../../build/perception_node build --build-base /mnt/5252B43652B420A1/Deep_Project/Counter_UAS/ros2_WS/build/perception_node/build install --record /mnt/5252B43652B420A1/Deep_Project/Counter_UAS/ros2_WS/build/perception_node/install.log --single-version-externally-managed install_data
