[0.016s] Invoking command in '/mnt/5252B43652B420A1/Deep_Project/Counter_UAS/ros2_WS/build/interfaces': CMAKE_PREFIX_PATH=/opt/ros/humble /usr/bin/cmake /mnt/5252B43652B420A1/Deep_Project/Counter_UAS/ros2_WS/src/interfaces -DCMAKE_INSTALL_PREFIX=/mnt/5252B43652B420A1/Deep_Project/Counter_UAS/ros2_WS/install/interfaces
[0.185s] -- The C compiler identification is GNU 11.4.0
[0.312s] -- The CXX compiler identification is GNU 11.4.0
[0.324s] -- Detecting C compiler ABI info
[0.416s] -- Detecting C compiler ABI info - done
[0.425s] -- Check for working C compiler: /usr/bin/cc - skipped
[0.426s] -- Detecting C compile features
[0.427s] -- Detecting C compile features - done
[0.433s] -- Detecting CXX compiler ABI info
[0.535s] -- Detecting CXX compiler ABI info - done
[0.544s] -- Check for working CXX compiler: /usr/bin/c++ - skipped
[0.545s] -- Detecting CXX compile features
[0.545s] -- Detecting CXX compile features - done
[0.553s] -- Found ament_cmake: 1.3.14 (/opt/ros/humble/share/ament_cmake/cmake)
[0.741s] -- Found Python3: /usr/bin/python3 (found version "3.10.12") found components: Interpreter 
[0.865s] -- Found rosidl_default_generators: 1.2.1 (/opt/ros/humble/share/rosidl_default_generators/cmake)
[0.870s] -- Using all available rosidl_typesupport_c: rosidl_typesupport_fastrtps_c;rosidl_typesupport_introspection_c
[0.880s] -- Found rosidl_adapter: 3.1.8 (/opt/ros/humble/share/rosidl_adapter/cmake)
[0.944s] -- Using all available rosidl_typesupport_cpp: rosidl_typesupport_fastrtps_cpp;rosidl_typesupport_introspection_cpp
[1.316s] -- Found ament_cmake_ros: 0.10.0 (/opt/ros/humble/share/ament_cmake_ros/cmake)
[1.541s] -- Using all available rosidl_typesupport_c: rosidl_typesupport_fastrtps_c;rosidl_typesupport_introspection_c
[1.827s] -- Using all available rosidl_typesupport_cpp: rosidl_typesupport_fastrtps_cpp;rosidl_typesupport_introspection_cpp
[1.853s] -- Found PythonInterp: /usr/bin/python3 (found suitable version "3.10.12", minimum required is "3.6") 
[1.855s] -- Found python_cmake_module: 0.10.0 (/opt/ros/humble/share/python_cmake_module/cmake)
[1.886s] -- Found PythonLibs: /usr/lib/x86_64-linux-gnu/libpython3.10.so (found suitable version "3.10.12", minimum required is "3.5") 
[1.886s] -- Using PYTHON_EXECUTABLE: /usr/bin/python3
[1.887s] -- Using PYTHON_INCLUDE_DIRS: /usr/include/python3.10
[1.887s] -- Using PYTHON_LIBRARIES: /usr/lib/x86_64-linux-gnu/libpython3.10.so
[1.912s] -- Found PythonExtra: .so  
[2.055s] -- Configuring done
[2.133s] -- Generating done
[2.154s] -- Build files have been written to: /mnt/5252B43652B420A1/Deep_Project/Counter_UAS/ros2_WS/build/interfaces
[2.164s] Invoked command in '/mnt/5252B43652B420A1/Deep_Project/Counter_UAS/ros2_WS/build/interfaces' returned '0': CMAKE_PREFIX_PATH=/opt/ros/humble /usr/bin/cmake /mnt/5252B43652B420A1/Deep_Project/Counter_UAS/ros2_WS/src/interfaces -DCMAKE_INSTALL_PREFIX=/mnt/5252B43652B420A1/Deep_Project/Counter_UAS/ros2_WS/install/interfaces
[2.167s] Invoking command in '/mnt/5252B43652B420A1/Deep_Project/Counter_UAS/ros2_WS/build/interfaces': CMAKE_PREFIX_PATH=/opt/ros/humble /usr/bin/cmake --build /mnt/5252B43652B420A1/Deep_Project/Counter_UAS/ros2_WS/build/interfaces -- -j8 -l8
[2.210s] [  3%] [34m[1mGenerating C code for ROS interfaces[0m
[2.223s] [  9%] [34m[1mGenerating Rust code for ROS interfaces[0m
[2.224s] [  9%] [34m[1mGenerating C++ code for ROS interfaces[0m
[2.236s] [  9%] Built target ament_cmake_python_copy_interfaces
[2.666s] running egg_info
[2.672s] creating interfaces.egg-info
[2.673s] writing interfaces.egg-info/PKG-INFO
[2.673s] writing dependency_links to interfaces.egg-info/dependency_links.txt
[2.674s] writing top-level names to interfaces.egg-info/top_level.txt
[2.674s] writing manifest file 'interfaces.egg-info/SOURCES.txt'
[2.685s] reading manifest file 'interfaces.egg-info/SOURCES.txt'
[2.687s] writing manifest file 'interfaces.egg-info/SOURCES.txt'
[2.709s] [ 12%] [32mBuilding C object CMakeFiles/interfaces__rosidl_generator_c.dir/rosidl_generator_c/interfaces/msg/detail/detection__functions.c.o[0m
[2.710s] [ 12%] Built target interfaces__rs
[2.740s] [ 12%] Built target ament_cmake_python_build_interfaces_egg
[2.757s] [ 12%] Built target interfaces__cpp
[2.776s] [ 21%] [34m[1mGenerating C++ type support for eProsima Fast-RTPS[0m
[2.777s] [ 21%] [34m[1mGenerating C++ type support dispatch for ROS interfaces[0m
[2.779s] [ 21%] [34m[1mGenerating C++ introspection for ROS interfaces[0m
[2.828s] [ 25%] [32m[1mLinking C shared library libinterfaces__rosidl_generator_c.so[0m
[2.903s] [ 25%] Built target interfaces__rosidl_generator_c
[2.923s] [ 28%] [34m[1mGenerating C type support dispatch for ROS interfaces[0m
[2.925s] [ 34%] [34m[1mGenerating C type support for eProsima Fast-RTPS[0m
[2.926s] [ 34%] [34m[1mGenerating C introspection for ROS interfaces[0m
[3.354s] [ 37%] [32mBuilding CXX object CMakeFiles/interfaces__rosidl_typesupport_cpp.dir/rosidl_typesupport_cpp/interfaces/msg/detection__type_support.cpp.o[0m
[3.383s] [ 40%] [32mBuilding CXX object CMakeFiles/interfaces__rosidl_typesupport_introspection_cpp.dir/rosidl_typesupport_introspection_cpp/interfaces/msg/detail/detection__type_support.cpp.o[0m
[3.469s] [ 43%] [32mBuilding CXX object CMakeFiles/interfaces__rosidl_typesupport_fastrtps_cpp.dir/rosidl_typesupport_fastrtps_cpp/interfaces/msg/detail/dds_fastrtps/detection__type_support.cpp.o[0m
[3.484s] [ 46%] [32mBuilding CXX object CMakeFiles/interfaces__rosidl_typesupport_fastrtps_c.dir/rosidl_typesupport_fastrtps_c/interfaces/msg/detail/detection__type_support_c.cpp.o[0m
[3.558s] [ 50%] [32mBuilding CXX object CMakeFiles/interfaces__rosidl_typesupport_c.dir/rosidl_typesupport_c/interfaces/msg/detection__type_support.cpp.o[0m
[3.588s] [ 53%] [32mBuilding C object CMakeFiles/interfaces__rosidl_typesupport_introspection_c.dir/rosidl_typesupport_introspection_c/interfaces/msg/detail/detection__type_support.c.o[0m
[3.656s] [ 56%] [32m[1mLinking CXX shared library libinterfaces__rosidl_typesupport_c.so[0m
[3.710s] [ 59%] [32m[1mLinking C shared library libinterfaces__rosidl_typesupport_introspection_c.so[0m
[3.791s] [ 59%] Built target interfaces__rosidl_typesupport_c
[3.804s] [ 59%] Built target interfaces__rosidl_typesupport_introspection_c
[4.122s] [ 62%] [32m[1mLinking CXX shared library libinterfaces__rosidl_typesupport_cpp.so[0m
[4.208s] [ 62%] Built target interfaces__rosidl_typesupport_cpp
[4.404s] [ 65%] [32m[1mLinking CXX shared library libinterfaces__rosidl_typesupport_introspection_cpp.so[0m
[4.426s] [ 68%] [32m[1mLinking CXX shared library libinterfaces__rosidl_typesupport_fastrtps_c.so[0m
[4.548s] [ 68%] Built target interfaces__rosidl_typesupport_introspection_cpp
[4.569s] [ 71%] [32m[1mLinking CXX shared library libinterfaces__rosidl_typesupport_fastrtps_cpp.so[0m
[4.583s] [ 71%] Built target interfaces__rosidl_typesupport_fastrtps_c
[4.706s] [ 71%] Built target interfaces__rosidl_typesupport_fastrtps_cpp
[4.740s] [ 71%] Built target interfaces
[4.773s] [ 75%] [34m[1mGenerating Python code for ROS interfaces[0m
[5.235s] [ 75%] Built target interfaces__py
[5.265s] [ 78%] [32mBuilding C object CMakeFiles/interfaces__rosidl_generator_py.dir/rosidl_generator_py/interfaces/msg/_detection_s.c.o[0m
[5.455s] [ 81%] [32m[1mLinking C shared library rosidl_generator_py/interfaces/libinterfaces__rosidl_generator_py.so[0m
[5.512s] [ 81%] Built target interfaces__rosidl_generator_py
[5.544s] [ 84%] [32mBuilding C object CMakeFiles/interfaces__rosidl_typesupport_introspection_c__pyext.dir/rosidl_generator_py/interfaces/_interfaces_s.ep.rosidl_typesupport_introspection_c.c.o[0m
[5.545s] [ 90%] [32mBuilding C object CMakeFiles/interfaces__rosidl_typesupport_fastrtps_c__pyext.dir/rosidl_generator_py/interfaces/_interfaces_s.ep.rosidl_typesupport_fastrtps_c.c.o[0m
[5.546s] [ 90%] [32mBuilding C object CMakeFiles/interfaces__rosidl_typesupport_c__pyext.dir/rosidl_generator_py/interfaces/_interfaces_s.ep.rosidl_typesupport_c.c.o[0m
[5.700s] [100%] [32m[1mLinking C shared library rosidl_generator_py/interfaces/interfaces_s__rosidl_typesupport_c.cpython-310-x86_64-linux-gnu.so[0m
[5.701s] [100%] [32m[1mLinking C shared library rosidl_generator_py/interfaces/interfaces_s__rosidl_typesupport_introspection_c.cpython-310-x86_64-linux-gnu.so[0m
[5.701s] [100%] [32m[1mLinking C shared library rosidl_generator_py/interfaces/interfaces_s__rosidl_typesupport_fastrtps_c.cpython-310-x86_64-linux-gnu.so[0m
[5.754s] [100%] Built target interfaces__rosidl_typesupport_c__pyext
[5.755s] [100%] Built target interfaces__rosidl_typesupport_introspection_c__pyext
[5.755s] [100%] Built target interfaces__rosidl_typesupport_fastrtps_c__pyext
[5.770s] Invoked command in '/mnt/5252B43652B420A1/Deep_Project/Counter_UAS/ros2_WS/build/interfaces' returned '0': CMAKE_PREFIX_PATH=/opt/ros/humble /usr/bin/cmake --build /mnt/5252B43652B420A1/Deep_Project/Counter_UAS/ros2_WS/build/interfaces -- -j8 -l8
[5.783s] Invoking command in '/mnt/5252B43652B420A1/Deep_Project/Counter_UAS/ros2_WS/build/interfaces': CMAKE_PREFIX_PATH=/opt/ros/humble /usr/bin/cmake --install /mnt/5252B43652B420A1/Deep_Project/Counter_UAS/ros2_WS/build/interfaces
[5.794s] -- Install configuration: ""
[5.795s] -- Installing: /mnt/5252B43652B420A1/Deep_Project/Counter_UAS/ros2_WS/install/interfaces/share/ament_index/resource_index/rosidl_interfaces/interfaces
[5.796s] -- Installing: /mnt/5252B43652B420A1/Deep_Project/Counter_UAS/ros2_WS/install/interfaces/include/interfaces/interfaces
[5.796s] -- Installing: /mnt/5252B43652B420A1/Deep_Project/Counter_UAS/ros2_WS/install/interfaces/include/interfaces/interfaces/msg
[5.797s] -- Installing: /mnt/5252B43652B420A1/Deep_Project/Counter_UAS/ros2_WS/install/interfaces/include/interfaces/interfaces/msg/detail
[5.797s] -- Installing: /mnt/5252B43652B420A1/Deep_Project/Counter_UAS/ros2_WS/install/interfaces/include/interfaces/interfaces/msg/detail/detection__functions.c
[5.798s] -- Installing: /mnt/5252B43652B420A1/Deep_Project/Counter_UAS/ros2_WS/install/interfaces/include/interfaces/interfaces/msg/detail/detection__functions.h
[5.799s] -- Installing: /mnt/5252B43652B420A1/Deep_Project/Counter_UAS/ros2_WS/install/interfaces/include/interfaces/interfaces/msg/detail/detection__struct.h
[5.799s] -- Installing: /mnt/5252B43652B420A1/Deep_Project/Counter_UAS/ros2_WS/install/interfaces/include/interfaces/interfaces/msg/detail/detection__type_support.h
[5.800s] -- Installing: /mnt/5252B43652B420A1/Deep_Project/Counter_UAS/ros2_WS/install/interfaces/include/interfaces/interfaces/msg/detection.h
[5.801s] -- Installing: /mnt/5252B43652B420A1/Deep_Project/Counter_UAS/ros2_WS/install/interfaces/include/interfaces/interfaces/msg/rosidl_generator_c__visibility_control.h
[5.802s] -- Installing: /mnt/5252B43652B420A1/Deep_Project/Counter_UAS/ros2_WS/install/interfaces/share/interfaces/environment/library_path.sh
[5.802s] -- Installing: /mnt/5252B43652B420A1/Deep_Project/Counter_UAS/ros2_WS/install/interfaces/share/interfaces/environment/library_path.dsv
[5.803s] -- Installing: /mnt/5252B43652B420A1/Deep_Project/Counter_UAS/ros2_WS/install/interfaces/lib/libinterfaces__rosidl_generator_c.so
[5.806s] -- Set runtime path of "/mnt/5252B43652B420A1/Deep_Project/Counter_UAS/ros2_WS/install/interfaces/lib/libinterfaces__rosidl_generator_c.so" to ""
[5.806s] -- Up-to-date: /mnt/5252B43652B420A1/Deep_Project/Counter_UAS/ros2_WS/install/interfaces/include/interfaces/interfaces
[5.807s] -- Up-to-date: /mnt/5252B43652B420A1/Deep_Project/Counter_UAS/ros2_WS/install/interfaces/include/interfaces/interfaces/msg
[5.807s] -- Up-to-date: /mnt/5252B43652B420A1/Deep_Project/Counter_UAS/ros2_WS/install/interfaces/include/interfaces/interfaces/msg/detail
[5.807s] -- Installing: /mnt/5252B43652B420A1/Deep_Project/Counter_UAS/ros2_WS/install/interfaces/include/interfaces/interfaces/msg/detail/detection__rosidl_typesupport_fastrtps_c.h
[5.807s] -- Installing: /mnt/5252B43652B420A1/Deep_Project/Counter_UAS/ros2_WS/install/interfaces/include/interfaces/interfaces/msg/rosidl_typesupport_fastrtps_c__visibility_control.h
[5.809s] -- Installing: /mnt/5252B43652B420A1/Deep_Project/Counter_UAS/ros2_WS/install/interfaces/lib/libinterfaces__rosidl_typesupport_fastrtps_c.so
[5.811s] -- Set runtime path of "/mnt/5252B43652B420A1/Deep_Project/Counter_UAS/ros2_WS/install/interfaces/lib/libinterfaces__rosidl_typesupport_fastrtps_c.so" to ""
[5.811s] -- Up-to-date: /mnt/5252B43652B420A1/Deep_Project/Counter_UAS/ros2_WS/install/interfaces/include/interfaces/interfaces
[5.811s] -- Up-to-date: /mnt/5252B43652B420A1/Deep_Project/Counter_UAS/ros2_WS/install/interfaces/include/interfaces/interfaces/msg
[5.812s] -- Up-to-date: /mnt/5252B43652B420A1/Deep_Project/Counter_UAS/ros2_WS/install/interfaces/include/interfaces/interfaces/msg/detail
[5.812s] -- Installing: /mnt/5252B43652B420A1/Deep_Project/Counter_UAS/ros2_WS/install/interfaces/include/interfaces/interfaces/msg/detail/detection__rosidl_typesupport_introspection_c.h
[5.813s] -- Installing: /mnt/5252B43652B420A1/Deep_Project/Counter_UAS/ros2_WS/install/interfaces/include/interfaces/interfaces/msg/detail/detection__type_support.c
[5.814s] -- Installing: /mnt/5252B43652B420A1/Deep_Project/Counter_UAS/ros2_WS/install/interfaces/include/interfaces/interfaces/msg/rosidl_typesupport_introspection_c__visibility_control.h
[5.814s] -- Installing: /mnt/5252B43652B420A1/Deep_Project/Counter_UAS/ros2_WS/install/interfaces/lib/libinterfaces__rosidl_typesupport_introspection_c.so
[5.817s] -- Set runtime path of "/mnt/5252B43652B420A1/Deep_Project/Counter_UAS/ros2_WS/install/interfaces/lib/libinterfaces__rosidl_typesupport_introspection_c.so" to ""
[5.817s] -- Installing: /mnt/5252B43652B420A1/Deep_Project/Counter_UAS/ros2_WS/install/interfaces/lib/libinterfaces__rosidl_typesupport_c.so
[5.822s] -- Set runtime path of "/mnt/5252B43652B420A1/Deep_Project/Counter_UAS/ros2_WS/install/interfaces/lib/libinterfaces__rosidl_typesupport_c.so" to ""
[5.822s] -- Up-to-date: /mnt/5252B43652B420A1/Deep_Project/Counter_UAS/ros2_WS/install/interfaces/include/interfaces/interfaces
[5.822s] -- Up-to-date: /mnt/5252B43652B420A1/Deep_Project/Counter_UAS/ros2_WS/install/interfaces/include/interfaces/interfaces/msg
[5.823s] -- Up-to-date: /mnt/5252B43652B420A1/Deep_Project/Counter_UAS/ros2_WS/install/interfaces/include/interfaces/interfaces/msg/detail
[5.823s] -- Installing: /mnt/5252B43652B420A1/Deep_Project/Counter_UAS/ros2_WS/install/interfaces/include/interfaces/interfaces/msg/detail/detection__builder.hpp
[5.824s] -- Installing: /mnt/5252B43652B420A1/Deep_Project/Counter_UAS/ros2_WS/install/interfaces/include/interfaces/interfaces/msg/detail/detection__struct.hpp
[5.827s] -- Installing: /mnt/5252B43652B420A1/Deep_Project/Counter_UAS/ros2_WS/install/interfaces/include/interfaces/interfaces/msg/detail/detection__traits.hpp
[5.827s] -- Installing: /mnt/5252B43652B420A1/Deep_Project/Counter_UAS/ros2_WS/install/interfaces/include/interfaces/interfaces/msg/detail/detection__type_support.hpp
[5.829s] -- Installing: /mnt/5252B43652B420A1/Deep_Project/Counter_UAS/ros2_WS/install/interfaces/include/interfaces/interfaces/msg/detection.hpp
[5.830s] -- Installing: /mnt/5252B43652B420A1/Deep_Project/Counter_UAS/ros2_WS/install/interfaces/include/interfaces/interfaces/msg/rosidl_generator_cpp__visibility_control.hpp
[5.831s] -- Up-to-date: /mnt/5252B43652B420A1/Deep_Project/Counter_UAS/ros2_WS/install/interfaces/include/interfaces/interfaces
[5.832s] -- Up-to-date: /mnt/5252B43652B420A1/Deep_Project/Counter_UAS/ros2_WS/install/interfaces/include/interfaces/interfaces/msg
[5.832s] -- Up-to-date: /mnt/5252B43652B420A1/Deep_Project/Counter_UAS/ros2_WS/install/interfaces/include/interfaces/interfaces/msg/detail
[5.833s] -- Installing: /mnt/5252B43652B420A1/Deep_Project/Counter_UAS/ros2_WS/install/interfaces/include/interfaces/interfaces/msg/detail/dds_fastrtps
[5.833s] -- Installing: /mnt/5252B43652B420A1/Deep_Project/Counter_UAS/ros2_WS/install/interfaces/include/interfaces/interfaces/msg/detail/detection__rosidl_typesupport_fastrtps_cpp.hpp
[5.834s] -- Installing: /mnt/5252B43652B420A1/Deep_Project/Counter_UAS/ros2_WS/install/interfaces/include/interfaces/interfaces/msg/rosidl_typesupport_fastrtps_cpp__visibility_control.h
[5.835s] -- Installing: /mnt/5252B43652B420A1/Deep_Project/Counter_UAS/ros2_WS/install/interfaces/lib/libinterfaces__rosidl_typesupport_fastrtps_cpp.so
[5.838s] -- Set runtime path of "/mnt/5252B43652B420A1/Deep_Project/Counter_UAS/ros2_WS/install/interfaces/lib/libinterfaces__rosidl_typesupport_fastrtps_cpp.so" to ""
[5.838s] -- Up-to-date: /mnt/5252B43652B420A1/Deep_Project/Counter_UAS/ros2_WS/install/interfaces/include/interfaces/interfaces
[5.839s] -- Up-to-date: /mnt/5252B43652B420A1/Deep_Project/Counter_UAS/ros2_WS/install/interfaces/include/interfaces/interfaces/msg
[5.839s] -- Up-to-date: /mnt/5252B43652B420A1/Deep_Project/Counter_UAS/ros2_WS/install/interfaces/include/interfaces/interfaces/msg/detail
[5.839s] -- Installing: /mnt/5252B43652B420A1/Deep_Project/Counter_UAS/ros2_WS/install/interfaces/include/interfaces/interfaces/msg/detail/detection__rosidl_typesupport_introspection_cpp.hpp
[5.840s] -- Installing: /mnt/5252B43652B420A1/Deep_Project/Counter_UAS/ros2_WS/install/interfaces/include/interfaces/interfaces/msg/detail/detection__type_support.cpp
[5.841s] -- Installing: /mnt/5252B43652B420A1/Deep_Project/Counter_UAS/ros2_WS/install/interfaces/lib/libinterfaces__rosidl_typesupport_introspection_cpp.so
[5.844s] -- Set runtime path of "/mnt/5252B43652B420A1/Deep_Project/Counter_UAS/ros2_WS/install/interfaces/lib/libinterfaces__rosidl_typesupport_introspection_cpp.so" to ""
[5.844s] -- Installing: /mnt/5252B43652B420A1/Deep_Project/Counter_UAS/ros2_WS/install/interfaces/lib/libinterfaces__rosidl_typesupport_cpp.so
[5.846s] -- Set runtime path of "/mnt/5252B43652B420A1/Deep_Project/Counter_UAS/ros2_WS/install/interfaces/lib/libinterfaces__rosidl_typesupport_cpp.so" to ""
[5.847s] -- Installing: /mnt/5252B43652B420A1/Deep_Project/Counter_UAS/ros2_WS/install/interfaces/share/interfaces/environment/pythonpath.sh
[5.847s] -- Installing: /mnt/5252B43652B420A1/Deep_Project/Counter_UAS/ros2_WS/install/interfaces/share/interfaces/environment/pythonpath.dsv
[5.848s] -- Installing: /mnt/5252B43652B420A1/Deep_Project/Counter_UAS/ros2_WS/install/interfaces/local/lib/python3.10/dist-packages/interfaces-0.0.0-py3.10.egg-info
[5.849s] -- Installing: /mnt/5252B43652B420A1/Deep_Project/Counter_UAS/ros2_WS/install/interfaces/local/lib/python3.10/dist-packages/interfaces-0.0.0-py3.10.egg-info/dependency_links.txt
[5.850s] -- Installing: /mnt/5252B43652B420A1/Deep_Project/Counter_UAS/ros2_WS/install/interfaces/local/lib/python3.10/dist-packages/interfaces-0.0.0-py3.10.egg-info/PKG-INFO
[5.852s] -- Installing: /mnt/5252B43652B420A1/Deep_Project/Counter_UAS/ros2_WS/install/interfaces/local/lib/python3.10/dist-packages/interfaces-0.0.0-py3.10.egg-info/SOURCES.txt
[5.853s] -- Installing: /mnt/5252B43652B420A1/Deep_Project/Counter_UAS/ros2_WS/install/interfaces/local/lib/python3.10/dist-packages/interfaces-0.0.0-py3.10.egg-info/top_level.txt
[5.854s] -- Installing: /mnt/5252B43652B420A1/Deep_Project/Counter_UAS/ros2_WS/install/interfaces/local/lib/python3.10/dist-packages/interfaces
[5.855s] -- Installing: /mnt/5252B43652B420A1/Deep_Project/Counter_UAS/ros2_WS/install/interfaces/local/lib/python3.10/dist-packages/interfaces/interfaces_s__rosidl_typesupport_c.cpython-310-x86_64-linux-gnu.so
[5.855s] -- Installing: /mnt/5252B43652B420A1/Deep_Project/Counter_UAS/ros2_WS/install/interfaces/local/lib/python3.10/dist-packages/interfaces/interfaces_s__rosidl_typesupport_fastrtps_c.cpython-310-x86_64-linux-gnu.so
[5.856s] -- Installing: /mnt/5252B43652B420A1/Deep_Project/Counter_UAS/ros2_WS/install/interfaces/local/lib/python3.10/dist-packages/interfaces/interfaces_s__rosidl_typesupport_introspection_c.cpython-310-x86_64-linux-gnu.so
[5.858s] -- Installing: /mnt/5252B43652B420A1/Deep_Project/Counter_UAS/ros2_WS/install/interfaces/local/lib/python3.10/dist-packages/interfaces/libinterfaces__rosidl_generator_py.so
[5.859s] -- Installing: /mnt/5252B43652B420A1/Deep_Project/Counter_UAS/ros2_WS/install/interfaces/local/lib/python3.10/dist-packages/interfaces/msg
[5.859s] -- Installing: /mnt/5252B43652B420A1/Deep_Project/Counter_UAS/ros2_WS/install/interfaces/local/lib/python3.10/dist-packages/interfaces/msg/_detection.py
[5.861s] -- Installing: /mnt/5252B43652B420A1/Deep_Project/Counter_UAS/ros2_WS/install/interfaces/local/lib/python3.10/dist-packages/interfaces/msg/_detection_s.c
[5.862s] -- Installing: /mnt/5252B43652B420A1/Deep_Project/Counter_UAS/ros2_WS/install/interfaces/local/lib/python3.10/dist-packages/interfaces/msg/__init__.py
[5.863s] -- Installing: /mnt/5252B43652B420A1/Deep_Project/Counter_UAS/ros2_WS/install/interfaces/local/lib/python3.10/dist-packages/interfaces/_interfaces_s.ep.rosidl_typesupport_c.c
[5.863s] -- Installing: /mnt/5252B43652B420A1/Deep_Project/Counter_UAS/ros2_WS/install/interfaces/local/lib/python3.10/dist-packages/interfaces/_interfaces_s.ep.rosidl_typesupport_fastrtps_c.c
[5.864s] -- Installing: /mnt/5252B43652B420A1/Deep_Project/Counter_UAS/ros2_WS/install/interfaces/local/lib/python3.10/dist-packages/interfaces/_interfaces_s.ep.rosidl_typesupport_introspection_c.c
[5.865s] -- Installing: /mnt/5252B43652B420A1/Deep_Project/Counter_UAS/ros2_WS/install/interfaces/local/lib/python3.10/dist-packages/interfaces/__init__.py
[5.915s] Listing '/mnt/5252B43652B420A1/Deep_Project/Counter_UAS/ros2_WS/install/interfaces/local/lib/python3.10/dist-packages/interfaces'...
[5.915s] Compiling '/mnt/5252B43652B420A1/Deep_Project/Counter_UAS/ros2_WS/install/interfaces/local/lib/python3.10/dist-packages/interfaces/__init__.py'...
[5.916s] Listing '/mnt/5252B43652B420A1/Deep_Project/Counter_UAS/ros2_WS/install/interfaces/local/lib/python3.10/dist-packages/interfaces/msg'...
[5.916s] Compiling '/mnt/5252B43652B420A1/Deep_Project/Counter_UAS/ros2_WS/install/interfaces/local/lib/python3.10/dist-packages/interfaces/msg/__init__.py'...
[5.916s] Compiling '/mnt/5252B43652B420A1/Deep_Project/Counter_UAS/ros2_WS/install/interfaces/local/lib/python3.10/dist-packages/interfaces/msg/_detection.py'...
[5.923s] -- Installing: /mnt/5252B43652B420A1/Deep_Project/Counter_UAS/ros2_WS/install/interfaces/local/lib/python3.10/dist-packages/interfaces/interfaces_s__rosidl_typesupport_fastrtps_c.cpython-310-x86_64-linux-gnu.so
[5.925s] -- Set runtime path of "/mnt/5252B43652B420A1/Deep_Project/Counter_UAS/ros2_WS/install/interfaces/local/lib/python3.10/dist-packages/interfaces/interfaces_s__rosidl_typesupport_fastrtps_c.cpython-310-x86_64-linux-gnu.so" to ""
[5.927s] -- Installing: /mnt/5252B43652B420A1/Deep_Project/Counter_UAS/ros2_WS/install/interfaces/local/lib/python3.10/dist-packages/interfaces/interfaces_s__rosidl_typesupport_introspection_c.cpython-310-x86_64-linux-gnu.so
[5.930s] -- Set runtime path of "/mnt/5252B43652B420A1/Deep_Project/Counter_UAS/ros2_WS/install/interfaces/local/lib/python3.10/dist-packages/interfaces/interfaces_s__rosidl_typesupport_introspection_c.cpython-310-x86_64-linux-gnu.so" to ""
[5.931s] -- Installing: /mnt/5252B43652B420A1/Deep_Project/Counter_UAS/ros2_WS/install/interfaces/local/lib/python3.10/dist-packages/interfaces/interfaces_s__rosidl_typesupport_c.cpython-310-x86_64-linux-gnu.so
[5.934s] -- Set runtime path of "/mnt/5252B43652B420A1/Deep_Project/Counter_UAS/ros2_WS/install/interfaces/local/lib/python3.10/dist-packages/interfaces/interfaces_s__rosidl_typesupport_c.cpython-310-x86_64-linux-gnu.so" to ""
[5.935s] -- Installing: /mnt/5252B43652B420A1/Deep_Project/Counter_UAS/ros2_WS/install/interfaces/lib/libinterfaces__rosidl_generator_py.so
[5.938s] -- Set runtime path of "/mnt/5252B43652B420A1/Deep_Project/Counter_UAS/ros2_WS/install/interfaces/lib/libinterfaces__rosidl_generator_py.so" to ""
[5.938s] -- Installing: /mnt/5252B43652B420A1/Deep_Project/Counter_UAS/ros2_WS/install/interfaces/share/ament_index/resource_index/rust_packages/interfaces
[5.939s] -- Installing: /mnt/5252B43652B420A1/Deep_Project/Counter_UAS/ros2_WS/install/interfaces/share/interfaces/rust
[5.939s] -- Installing: /mnt/5252B43652B420A1/Deep_Project/Counter_UAS/ros2_WS/install/interfaces/share/interfaces/rust/build.rs
[5.939s] -- Installing: /mnt/5252B43652B420A1/Deep_Project/Counter_UAS/ros2_WS/install/interfaces/share/interfaces/rust/Cargo.toml
[5.940s] -- Installing: /mnt/5252B43652B420A1/Deep_Project/Counter_UAS/ros2_WS/install/interfaces/share/interfaces/rust/src
[5.940s] -- Installing: /mnt/5252B43652B420A1/Deep_Project/Counter_UAS/ros2_WS/install/interfaces/share/interfaces/rust/src/lib.rs
[5.941s] -- Installing: /mnt/5252B43652B420A1/Deep_Project/Counter_UAS/ros2_WS/install/interfaces/share/interfaces/rust/src/msg
[5.942s] -- Installing: /mnt/5252B43652B420A1/Deep_Project/Counter_UAS/ros2_WS/install/interfaces/share/interfaces/rust/src/msg/rmw.rs
[5.942s] -- Installing: /mnt/5252B43652B420A1/Deep_Project/Counter_UAS/ros2_WS/install/interfaces/share/interfaces/rust/src/msg.rs
[5.943s] -- Installing: /mnt/5252B43652B420A1/Deep_Project/Counter_UAS/ros2_WS/install/interfaces/share/interfaces/msg/Detection.idl
[5.944s] -- Installing: /mnt/5252B43652B420A1/Deep_Project/Counter_UAS/ros2_WS/install/interfaces/share/interfaces/msg/Detection.msg
[5.945s] -- Installing: /mnt/5252B43652B420A1/Deep_Project/Counter_UAS/ros2_WS/install/interfaces/share/ament_index/resource_index/package_run_dependencies/interfaces
[5.946s] -- Installing: /mnt/5252B43652B420A1/Deep_Project/Counter_UAS/ros2_WS/install/interfaces/share/ament_index/resource_index/parent_prefix_path/interfaces
[5.947s] -- Installing: /mnt/5252B43652B420A1/Deep_Project/Counter_UAS/ros2_WS/install/interfaces/share/interfaces/environment/ament_prefix_path.sh
[5.948s] -- Installing: /mnt/5252B43652B420A1/Deep_Project/Counter_UAS/ros2_WS/install/interfaces/share/interfaces/environment/ament_prefix_path.dsv
[5.949s] -- Installing: /mnt/5252B43652B420A1/Deep_Project/Counter_UAS/ros2_WS/install/interfaces/share/interfaces/environment/path.sh
[5.950s] -- Installing: /mnt/5252B43652B420A1/Deep_Project/Counter_UAS/ros2_WS/install/interfaces/share/interfaces/environment/path.dsv
[5.951s] -- Installing: /mnt/5252B43652B420A1/Deep_Project/Counter_UAS/ros2_WS/install/interfaces/share/interfaces/local_setup.bash
[5.952s] -- Installing: /mnt/5252B43652B420A1/Deep_Project/Counter_UAS/ros2_WS/install/interfaces/share/interfaces/local_setup.sh
[5.954s] -- Installing: /mnt/5252B43652B420A1/Deep_Project/Counter_UAS/ros2_WS/install/interfaces/share/interfaces/local_setup.zsh
[5.955s] -- Installing: /mnt/5252B43652B420A1/Deep_Project/Counter_UAS/ros2_WS/install/interfaces/share/interfaces/local_setup.dsv
[5.956s] -- Installing: /mnt/5252B43652B420A1/Deep_Project/Counter_UAS/ros2_WS/install/interfaces/share/interfaces/package.dsv
[5.957s] -- Installing: /mnt/5252B43652B420A1/Deep_Project/Counter_UAS/ros2_WS/install/interfaces/share/ament_index/resource_index/packages/interfaces
[5.958s] -- Installing: /mnt/5252B43652B420A1/Deep_Project/Counter_UAS/ros2_WS/install/interfaces/share/interfaces/cmake/export_interfaces__rosidl_generator_cExport.cmake
[5.959s] -- Installing: /mnt/5252B43652B420A1/Deep_Project/Counter_UAS/ros2_WS/install/interfaces/share/interfaces/cmake/export_interfaces__rosidl_generator_cExport-noconfig.cmake
[5.960s] -- Installing: /mnt/5252B43652B420A1/Deep_Project/Counter_UAS/ros2_WS/install/interfaces/share/interfaces/cmake/export_interfaces__rosidl_typesupport_fastrtps_cExport.cmake
[5.961s] -- Installing: /mnt/5252B43652B420A1/Deep_Project/Counter_UAS/ros2_WS/install/interfaces/share/interfaces/cmake/export_interfaces__rosidl_typesupport_fastrtps_cExport-noconfig.cmake
[5.962s] -- Installing: /mnt/5252B43652B420A1/Deep_Project/Counter_UAS/ros2_WS/install/interfaces/share/interfaces/cmake/interfaces__rosidl_typesupport_introspection_cExport.cmake
[5.963s] -- Installing: /mnt/5252B43652B420A1/Deep_Project/Counter_UAS/ros2_WS/install/interfaces/share/interfaces/cmake/interfaces__rosidl_typesupport_introspection_cExport-noconfig.cmake
[5.963s] -- Installing: /mnt/5252B43652B420A1/Deep_Project/Counter_UAS/ros2_WS/install/interfaces/share/interfaces/cmake/interfaces__rosidl_typesupport_cExport.cmake
[5.964s] -- Installing: /mnt/5252B43652B420A1/Deep_Project/Counter_UAS/ros2_WS/install/interfaces/share/interfaces/cmake/interfaces__rosidl_typesupport_cExport-noconfig.cmake
[5.965s] -- Installing: /mnt/5252B43652B420A1/Deep_Project/Counter_UAS/ros2_WS/install/interfaces/share/interfaces/cmake/export_interfaces__rosidl_generator_cppExport.cmake
[5.966s] -- Installing: /mnt/5252B43652B420A1/Deep_Project/Counter_UAS/ros2_WS/install/interfaces/share/interfaces/cmake/export_interfaces__rosidl_typesupport_fastrtps_cppExport.cmake
[5.967s] -- Installing: /mnt/5252B43652B420A1/Deep_Project/Counter_UAS/ros2_WS/install/interfaces/share/interfaces/cmake/export_interfaces__rosidl_typesupport_fastrtps_cppExport-noconfig.cmake
[5.968s] -- Installing: /mnt/5252B43652B420A1/Deep_Project/Counter_UAS/ros2_WS/install/interfaces/share/interfaces/cmake/interfaces__rosidl_typesupport_introspection_cppExport.cmake
[5.969s] -- Installing: /mnt/5252B43652B420A1/Deep_Project/Counter_UAS/ros2_WS/install/interfaces/share/interfaces/cmake/interfaces__rosidl_typesupport_introspection_cppExport-noconfig.cmake
[5.970s] -- Installing: /mnt/5252B43652B420A1/Deep_Project/Counter_UAS/ros2_WS/install/interfaces/share/interfaces/cmake/interfaces__rosidl_typesupport_cppExport.cmake
[5.971s] -- Installing: /mnt/5252B43652B420A1/Deep_Project/Counter_UAS/ros2_WS/install/interfaces/share/interfaces/cmake/interfaces__rosidl_typesupport_cppExport-noconfig.cmake
[5.972s] -- Installing: /mnt/5252B43652B420A1/Deep_Project/Counter_UAS/ros2_WS/install/interfaces/share/interfaces/cmake/export_interfaces__rosidl_generator_pyExport.cmake
[5.973s] -- Installing: /mnt/5252B43652B420A1/Deep_Project/Counter_UAS/ros2_WS/install/interfaces/share/interfaces/cmake/export_interfaces__rosidl_generator_pyExport-noconfig.cmake
[5.974s] -- Installing: /mnt/5252B43652B420A1/Deep_Project/Counter_UAS/ros2_WS/install/interfaces/share/interfaces/cmake/rosidl_cmake-extras.cmake
[5.975s] -- Installing: /mnt/5252B43652B420A1/Deep_Project/Counter_UAS/ros2_WS/install/interfaces/share/interfaces/cmake/ament_cmake_export_include_directories-extras.cmake
[5.976s] -- Installing: /mnt/5252B43652B420A1/Deep_Project/Counter_UAS/ros2_WS/install/interfaces/share/interfaces/cmake/ament_cmake_export_libraries-extras.cmake
[5.978s] -- Installing: /mnt/5252B43652B420A1/Deep_Project/Counter_UAS/ros2_WS/install/interfaces/share/interfaces/cmake/ament_cmake_export_targets-extras.cmake
[5.979s] -- Installing: /mnt/5252B43652B420A1/Deep_Project/Counter_UAS/ros2_WS/install/interfaces/share/interfaces/cmake/rosidl_cmake_export_typesupport_targets-extras.cmake
[5.980s] -- Installing: /mnt/5252B43652B420A1/Deep_Project/Counter_UAS/ros2_WS/install/interfaces/share/interfaces/cmake/ament_cmake_export_dependencies-extras.cmake
[5.983s] -- Installing: /mnt/5252B43652B420A1/Deep_Project/Counter_UAS/ros2_WS/install/interfaces/share/interfaces/cmake/rosidl_cmake_export_typesupport_libraries-extras.cmake
[5.991s] -- Installing: /mnt/5252B43652B420A1/Deep_Project/Counter_UAS/ros2_WS/install/interfaces/share/interfaces/cmake/interfacesConfig.cmake
[5.993s] -- Installing: /mnt/5252B43652B420A1/Deep_Project/Counter_UAS/ros2_WS/install/interfaces/share/interfaces/cmake/interfacesConfig-version.cmake
[5.995s] -- Installing: /mnt/5252B43652B420A1/Deep_Project/Counter_UAS/ros2_WS/install/interfaces/share/interfaces/package.xml
[6.005s] Invoked command in '/mnt/5252B43652B420A1/Deep_Project/Counter_UAS/ros2_WS/build/interfaces' returned '0': CMAKE_PREFIX_PATH=/opt/ros/humble /usr/bin/cmake --install /mnt/5252B43652B420A1/Deep_Project/Counter_UAS/ros2_WS/build/interfaces
