[0.155s] DEBUG:colcon:Command line arguments: ['/usr/bin/colcon', 'build']
[0.155s] DEBUG:colcon:Parsed command line arguments: Namespace(log_base=None, log_level=None, verb_name='build', build_base='build', install_base='install', merge_install=False, symlink_install=False, test_result_base=None, continue_on_error=False, executor='parallel', parallel_workers=8, event_handlers=None, ignore_user_meta=False, metas=['./colcon.meta'], base_paths=['.'], packages_ignore=None, packages_ignore_regex=None, paths=None, packages_up_to=None, packages_up_to_regex=None, packages_above=None, packages_above_and_dependencies=None, packages_above_depth=None, packages_select_by_dep=None, packages_skip_by_dep=None, packages_skip_up_to=None, packages_select_build_failed=False, packages_skip_build_finished=False, packages_select_test_failures=False, packages_skip_test_passed=False, packages_select=None, packages_skip=None, packages_select_regex=None, packages_skip_regex=None, packages_start=None, packages_end=None, allow_overriding=[], cmake_args=None, cmake_target=None, cmake_target_skip_unavailable=False, cmake_clean_cache=False, cmake_clean_first=False, cmake_force_configure=False, ament_cmake_args=None, catkin_cmake_args=None, catkin_skip_building_tests=False, verb_parser=<colcon_defaults.argument_parser.defaults.DefaultArgumentsDecorator object at 0x7d2cd6264af0>, verb_extension=<colcon_core.verb.build.BuildVerb object at 0x7d2cd636e0e0>, main=<bound method BuildVerb.main of <colcon_core.verb.build.BuildVerb object at 0x7d2cd636e0e0>>)
[0.415s] Level 1:colcon.colcon_core.package_discovery:discover_packages(colcon_meta) check parameters
[0.415s] Level 1:colcon.colcon_core.package_discovery:discover_packages(recursive) check parameters
[0.415s] Level 1:colcon.colcon_core.package_discovery:discover_packages(ignore) check parameters
[0.415s] Level 1:colcon.colcon_core.package_discovery:discover_packages(path) check parameters
[0.415s] Level 1:colcon.colcon_core.package_discovery:discover_packages(colcon_meta) discover
[0.415s] Level 1:colcon.colcon_core.package_discovery:discover_packages(recursive) discover
[0.416s] INFO:colcon.colcon_core.package_discovery:Crawling recursively for packages in '/mnt/5252B43652B420A1/Deep_Project/Counter_UAS/ros2_WS'
[0.416s] Level 1:colcon.colcon_core.package_identification:_identify(.) by extensions ['ignore', 'ignore_ament_install']
[0.416s] Level 1:colcon.colcon_core.package_identification:_identify(.) by extension 'ignore'
[0.416s] Level 1:colcon.colcon_core.package_identification:_identify(.) by extension 'ignore_ament_install'
[0.416s] Level 1:colcon.colcon_core.package_identification:_identify(.) by extensions ['colcon_pkg']
[0.416s] Level 1:colcon.colcon_core.package_identification:_identify(.) by extension 'colcon_pkg'
[0.416s] Level 1:colcon.colcon_core.package_identification:_identify(.) by extensions ['colcon_meta']
[0.416s] Level 1:colcon.colcon_core.package_identification:_identify(.) by extension 'colcon_meta'
[0.416s] Level 1:colcon.colcon_core.package_identification:_identify(.) by extensions ['ros']
[0.417s] Level 1:colcon.colcon_core.package_identification:_identify(.) by extension 'ros'
[0.462s] Level 1:colcon.colcon_core.package_identification:_identify(.) by extensions ['cmake', 'python']
[0.462s] Level 1:colcon.colcon_core.package_identification:_identify(.) by extension 'cmake'
[0.462s] Level 1:colcon.colcon_core.package_identification:_identify(.) by extension 'python'
[0.462s] Level 1:colcon.colcon_core.package_identification:_identify(.) by extensions ['python_setup_py']
[0.462s] Level 1:colcon.colcon_core.package_identification:_identify(.) by extension 'python_setup_py'
[0.462s] Level 1:colcon.colcon_core.package_identification:_identify(build) by extensions ['ignore', 'ignore_ament_install']
[0.462s] Level 1:colcon.colcon_core.package_identification:_identify(build) by extension 'ignore'
[0.462s] Level 1:colcon.colcon_core.package_identification:_identify(build) ignored
[0.463s] Level 1:colcon.colcon_core.package_identification:_identify(install) by extensions ['ignore', 'ignore_ament_install']
[0.463s] Level 1:colcon.colcon_core.package_identification:_identify(install) by extension 'ignore'
[0.463s] Level 1:colcon.colcon_core.package_identification:_identify(install) ignored
[0.463s] Level 1:colcon.colcon_core.package_identification:_identify(log) by extensions ['ignore', 'ignore_ament_install']
[0.463s] Level 1:colcon.colcon_core.package_identification:_identify(log) by extension 'ignore'
[0.463s] Level 1:colcon.colcon_core.package_identification:_identify(log) ignored
[0.463s] Level 1:colcon.colcon_core.package_identification:_identify(src) by extensions ['ignore', 'ignore_ament_install']
[0.463s] Level 1:colcon.colcon_core.package_identification:_identify(src) by extension 'ignore'
[0.464s] Level 1:colcon.colcon_core.package_identification:_identify(src) by extension 'ignore_ament_install'
[0.464s] Level 1:colcon.colcon_core.package_identification:_identify(src) by extensions ['colcon_pkg']
[0.464s] Level 1:colcon.colcon_core.package_identification:_identify(src) by extension 'colcon_pkg'
[0.464s] Level 1:colcon.colcon_core.package_identification:_identify(src) by extensions ['colcon_meta']
[0.464s] Level 1:colcon.colcon_core.package_identification:_identify(src) by extension 'colcon_meta'
[0.464s] Level 1:colcon.colcon_core.package_identification:_identify(src) by extensions ['ros']
[0.464s] Level 1:colcon.colcon_core.package_identification:_identify(src) by extension 'ros'
[0.464s] Level 1:colcon.colcon_core.package_identification:_identify(src) by extensions ['cmake', 'python']
[0.464s] Level 1:colcon.colcon_core.package_identification:_identify(src) by extension 'cmake'
[0.464s] Level 1:colcon.colcon_core.package_identification:_identify(src) by extension 'python'
[0.465s] Level 1:colcon.colcon_core.package_identification:_identify(src) by extensions ['python_setup_py']
[0.465s] Level 1:colcon.colcon_core.package_identification:_identify(src) by extension 'python_setup_py'
[0.465s] Level 1:colcon.colcon_core.package_identification:_identify(src/interfaces) by extensions ['ignore', 'ignore_ament_install']
[0.465s] Level 1:colcon.colcon_core.package_identification:_identify(src/interfaces) by extension 'ignore'
[0.465s] Level 1:colcon.colcon_core.package_identification:_identify(src/interfaces) by extension 'ignore_ament_install'
[0.465s] Level 1:colcon.colcon_core.package_identification:_identify(src/interfaces) by extensions ['colcon_pkg']
[0.465s] Level 1:colcon.colcon_core.package_identification:_identify(src/interfaces) by extension 'colcon_pkg'
[0.465s] Level 1:colcon.colcon_core.package_identification:_identify(src/interfaces) by extensions ['colcon_meta']
[0.465s] Level 1:colcon.colcon_core.package_identification:_identify(src/interfaces) by extension 'colcon_meta'
[0.465s] Level 1:colcon.colcon_core.package_identification:_identify(src/interfaces) by extensions ['ros']
[0.465s] Level 1:colcon.colcon_core.package_identification:_identify(src/interfaces) by extension 'ros'
[0.466s] Level 1:colcon.colcon_core.package_identification:_identify(src/interfaces) by extensions ['cmake', 'python']
[0.466s] Level 1:colcon.colcon_core.package_identification:_identify(src/interfaces) by extension 'cmake'
[0.466s] Level 1:colcon.colcon_core.package_identification:_identify(src/interfaces) by extension 'python'
[0.466s] Level 1:colcon.colcon_core.package_identification:_identify(src/interfaces) by extensions ['python_setup_py']
[0.466s] Level 1:colcon.colcon_core.package_identification:_identify(src/interfaces) by extension 'python_setup_py'
[0.466s] Level 1:colcon.colcon_core.package_identification:_identify(src/interfaces/estimation_node) by extensions ['ignore', 'ignore_ament_install']
[0.466s] Level 1:colcon.colcon_core.package_identification:_identify(src/interfaces/estimation_node) by extension 'ignore'
[0.466s] Level 1:colcon.colcon_core.package_identification:_identify(src/interfaces/estimation_node) by extension 'ignore_ament_install'
[0.466s] Level 1:colcon.colcon_core.package_identification:_identify(src/interfaces/estimation_node) by extensions ['colcon_pkg']
[0.466s] Level 1:colcon.colcon_core.package_identification:_identify(src/interfaces/estimation_node) by extension 'colcon_pkg'
[0.466s] Level 1:colcon.colcon_core.package_identification:_identify(src/interfaces/estimation_node) by extensions ['colcon_meta']
[0.466s] Level 1:colcon.colcon_core.package_identification:_identify(src/interfaces/estimation_node) by extension 'colcon_meta'
[0.467s] Level 1:colcon.colcon_core.package_identification:_identify(src/interfaces/estimation_node) by extensions ['ros']
[0.467s] Level 1:colcon.colcon_core.package_identification:_identify(src/interfaces/estimation_node) by extension 'ros'
[0.467s] Level 1:colcon.colcon_core.package_identification:_identify(src/interfaces/estimation_node) by extensions ['cmake', 'python']
[0.467s] Level 1:colcon.colcon_core.package_identification:_identify(src/interfaces/estimation_node) by extension 'cmake'
[0.467s] Level 1:colcon.colcon_core.package_identification:_identify(src/interfaces/estimation_node) by extension 'python'
[0.467s] Level 1:colcon.colcon_core.package_identification:_identify(src/interfaces/estimation_node) by extensions ['python_setup_py']
[0.467s] Level 1:colcon.colcon_core.package_identification:_identify(src/interfaces/estimation_node) by extension 'python_setup_py'
[0.467s] Level 1:colcon.colcon_core.package_identification:_identify(src/interfaces/guidance_node) by extensions ['ignore', 'ignore_ament_install']
[0.467s] Level 1:colcon.colcon_core.package_identification:_identify(src/interfaces/guidance_node) by extension 'ignore'
[0.467s] Level 1:colcon.colcon_core.package_identification:_identify(src/interfaces/guidance_node) by extension 'ignore_ament_install'
[0.467s] Level 1:colcon.colcon_core.package_identification:_identify(src/interfaces/guidance_node) by extensions ['colcon_pkg']
[0.467s] Level 1:colcon.colcon_core.package_identification:_identify(src/interfaces/guidance_node) by extension 'colcon_pkg'
[0.467s] Level 1:colcon.colcon_core.package_identification:_identify(src/interfaces/guidance_node) by extensions ['colcon_meta']
[0.467s] Level 1:colcon.colcon_core.package_identification:_identify(src/interfaces/guidance_node) by extension 'colcon_meta'
[0.468s] Level 1:colcon.colcon_core.package_identification:_identify(src/interfaces/guidance_node) by extensions ['ros']
[0.468s] Level 1:colcon.colcon_core.package_identification:_identify(src/interfaces/guidance_node) by extension 'ros'
[0.468s] Level 1:colcon.colcon_core.package_identification:_identify(src/interfaces/guidance_node) by extensions ['cmake', 'python']
[0.468s] Level 1:colcon.colcon_core.package_identification:_identify(src/interfaces/guidance_node) by extension 'cmake'
[0.468s] Level 1:colcon.colcon_core.package_identification:_identify(src/interfaces/guidance_node) by extension 'python'
[0.468s] Level 1:colcon.colcon_core.package_identification:_identify(src/interfaces/guidance_node) by extensions ['python_setup_py']
[0.468s] Level 1:colcon.colcon_core.package_identification:_identify(src/interfaces/guidance_node) by extension 'python_setup_py'
[0.468s] Level 1:colcon.colcon_core.package_identification:_identify(src/interfaces/perception_node) by extensions ['ignore', 'ignore_ament_install']
[0.468s] Level 1:colcon.colcon_core.package_identification:_identify(src/interfaces/perception_node) by extension 'ignore'
[0.468s] Level 1:colcon.colcon_core.package_identification:_identify(src/interfaces/perception_node) by extension 'ignore_ament_install'
[0.469s] Level 1:colcon.colcon_core.package_identification:_identify(src/interfaces/perception_node) by extensions ['colcon_pkg']
[0.469s] Level 1:colcon.colcon_core.package_identification:_identify(src/interfaces/perception_node) by extension 'colcon_pkg'
[0.469s] Level 1:colcon.colcon_core.package_identification:_identify(src/interfaces/perception_node) by extensions ['colcon_meta']
[0.469s] Level 1:colcon.colcon_core.package_identification:_identify(src/interfaces/perception_node) by extension 'colcon_meta'
[0.469s] Level 1:colcon.colcon_core.package_identification:_identify(src/interfaces/perception_node) by extensions ['ros']
[0.469s] Level 1:colcon.colcon_core.package_identification:_identify(src/interfaces/perception_node) by extension 'ros'
[0.469s] Level 1:colcon.colcon_core.package_identification:_identify(src/interfaces/perception_node) by extensions ['cmake', 'python']
[0.469s] Level 1:colcon.colcon_core.package_identification:_identify(src/interfaces/perception_node) by extension 'cmake'
[0.469s] Level 1:colcon.colcon_core.package_identification:_identify(src/interfaces/perception_node) by extension 'python'
[0.469s] Level 1:colcon.colcon_core.package_identification:_identify(src/interfaces/perception_node) by extensions ['python_setup_py']
[0.469s] Level 1:colcon.colcon_core.package_identification:_identify(src/interfaces/perception_node) by extension 'python_setup_py'
[0.469s] Level 1:colcon.colcon_core.package_identification:_identify(src/interfaces/sensor_node) by extensions ['ignore', 'ignore_ament_install']
[0.470s] Level 1:colcon.colcon_core.package_identification:_identify(src/interfaces/sensor_node) by extension 'ignore'
[0.470s] Level 1:colcon.colcon_core.package_identification:_identify(src/interfaces/sensor_node) by extension 'ignore_ament_install'
[0.470s] Level 1:colcon.colcon_core.package_identification:_identify(src/interfaces/sensor_node) by extensions ['colcon_pkg']
[0.470s] Level 1:colcon.colcon_core.package_identification:_identify(src/interfaces/sensor_node) by extension 'colcon_pkg'
[0.470s] Level 1:colcon.colcon_core.package_identification:_identify(src/interfaces/sensor_node) by extensions ['colcon_meta']
[0.470s] Level 1:colcon.colcon_core.package_identification:_identify(src/interfaces/sensor_node) by extension 'colcon_meta'
[0.470s] Level 1:colcon.colcon_core.package_identification:_identify(src/interfaces/sensor_node) by extensions ['ros']
[0.470s] Level 1:colcon.colcon_core.package_identification:_identify(src/interfaces/sensor_node) by extension 'ros'
[0.470s] Level 1:colcon.colcon_core.package_identification:_identify(src/interfaces/sensor_node) by extensions ['cmake', 'python']
[0.470s] Level 1:colcon.colcon_core.package_identification:_identify(src/interfaces/sensor_node) by extension 'cmake'
[0.470s] Level 1:colcon.colcon_core.package_identification:_identify(src/interfaces/sensor_node) by extension 'python'
[0.470s] Level 1:colcon.colcon_core.package_identification:_identify(src/interfaces/sensor_node) by extensions ['python_setup_py']
[0.470s] Level 1:colcon.colcon_core.package_identification:_identify(src/interfaces/sensor_node) by extension 'python_setup_py'
[0.470s] Level 1:colcon.colcon_core.package_identification:_identify(src/interfaces/tracking_node) by extensions ['ignore', 'ignore_ament_install']
[0.471s] Level 1:colcon.colcon_core.package_identification:_identify(src/interfaces/tracking_node) by extension 'ignore'
[0.471s] Level 1:colcon.colcon_core.package_identification:_identify(src/interfaces/tracking_node) by extension 'ignore_ament_install'
[0.471s] Level 1:colcon.colcon_core.package_identification:_identify(src/interfaces/tracking_node) by extensions ['colcon_pkg']
[0.471s] Level 1:colcon.colcon_core.package_identification:_identify(src/interfaces/tracking_node) by extension 'colcon_pkg'
[0.471s] Level 1:colcon.colcon_core.package_identification:_identify(src/interfaces/tracking_node) by extensions ['colcon_meta']
[0.471s] Level 1:colcon.colcon_core.package_identification:_identify(src/interfaces/tracking_node) by extension 'colcon_meta'
[0.471s] Level 1:colcon.colcon_core.package_identification:_identify(src/interfaces/tracking_node) by extensions ['ros']
[0.471s] Level 1:colcon.colcon_core.package_identification:_identify(src/interfaces/tracking_node) by extension 'ros'
[0.471s] Level 1:colcon.colcon_core.package_identification:_identify(src/interfaces/tracking_node) by extensions ['cmake', 'python']
[0.471s] Level 1:colcon.colcon_core.package_identification:_identify(src/interfaces/tracking_node) by extension 'cmake'
[0.471s] Level 1:colcon.colcon_core.package_identification:_identify(src/interfaces/tracking_node) by extension 'python'
[0.471s] Level 1:colcon.colcon_core.package_identification:_identify(src/interfaces/tracking_node) by extensions ['python_setup_py']
[0.471s] Level 1:colcon.colcon_core.package_identification:_identify(src/interfaces/tracking_node) by extension 'python_setup_py'
[0.472s] Level 1:colcon.colcon_core.package_identification:_identify(src/px4_msgs) by extensions ['ignore', 'ignore_ament_install']
[0.472s] Level 1:colcon.colcon_core.package_identification:_identify(src/px4_msgs) by extension 'ignore'
[0.472s] Level 1:colcon.colcon_core.package_identification:_identify(src/px4_msgs) by extension 'ignore_ament_install'
[0.472s] Level 1:colcon.colcon_core.package_identification:_identify(src/px4_msgs) by extensions ['colcon_pkg']
[0.472s] Level 1:colcon.colcon_core.package_identification:_identify(src/px4_msgs) by extension 'colcon_pkg'
[0.472s] Level 1:colcon.colcon_core.package_identification:_identify(src/px4_msgs) by extensions ['colcon_meta']
[0.472s] Level 1:colcon.colcon_core.package_identification:_identify(src/px4_msgs) by extension 'colcon_meta'
[0.472s] Level 1:colcon.colcon_core.package_identification:_identify(src/px4_msgs) by extensions ['ros']
[0.472s] Level 1:colcon.colcon_core.package_identification:_identify(src/px4_msgs) by extension 'ros'
[0.477s] DEBUG:colcon.colcon_core.package_identification:Package 'src/px4_msgs' with type 'ros.ament_cmake' and name 'px4_msgs'
[0.477s] Level 1:colcon.colcon_core.package_discovery:discover_packages(recursive) using defaults
[0.477s] Level 1:colcon.colcon_core.package_discovery:discover_packages(ignore) discover
[0.477s] Level 1:colcon.colcon_core.package_discovery:discover_packages(ignore) using defaults
[0.477s] Level 1:colcon.colcon_core.package_discovery:discover_packages(path) discover
[0.477s] Level 1:colcon.colcon_core.package_discovery:discover_packages(path) using defaults
[0.502s] Level 1:colcon.colcon_core.package_discovery:discover_packages(prefix_path) check parameters
[0.502s] Level 1:colcon.colcon_core.package_discovery:discover_packages(prefix_path) discover
[0.505s] DEBUG:colcon.colcon_installed_package_information.package_discovery:Found 313 installed packages in /opt/ros/humble
[0.507s] Level 1:colcon.colcon_core.package_discovery:discover_packages(prefix_path) using defaults
[0.541s] Level 5:colcon.colcon_core.verb:set package 'px4_msgs' build argument 'cmake_args' from command line to 'None'
[0.542s] Level 5:colcon.colcon_core.verb:set package 'px4_msgs' build argument 'cmake_target' from command line to 'None'
[0.542s] Level 5:colcon.colcon_core.verb:set package 'px4_msgs' build argument 'cmake_target_skip_unavailable' from command line to 'False'
[0.542s] Level 5:colcon.colcon_core.verb:set package 'px4_msgs' build argument 'cmake_clean_cache' from command line to 'False'
[0.542s] Level 5:colcon.colcon_core.verb:set package 'px4_msgs' build argument 'cmake_clean_first' from command line to 'False'
[0.542s] Level 5:colcon.colcon_core.verb:set package 'px4_msgs' build argument 'cmake_force_configure' from command line to 'False'
[0.542s] Level 5:colcon.colcon_core.verb:set package 'px4_msgs' build argument 'ament_cmake_args' from command line to 'None'
[0.542s] Level 5:colcon.colcon_core.verb:set package 'px4_msgs' build argument 'catkin_cmake_args' from command line to 'None'
[0.542s] Level 5:colcon.colcon_core.verb:set package 'px4_msgs' build argument 'catkin_skip_building_tests' from command line to 'False'
[0.542s] DEBUG:colcon.colcon_core.verb:Building package 'px4_msgs' with the following arguments: {'ament_cmake_args': None, 'build_base': '/mnt/5252B43652B420A1/Deep_Project/Counter_UAS/ros2_WS/build/px4_msgs', 'catkin_cmake_args': None, 'catkin_skip_building_tests': False, 'cmake_args': None, 'cmake_clean_cache': False, 'cmake_clean_first': False, 'cmake_force_configure': False, 'cmake_target': None, 'cmake_target_skip_unavailable': False, 'install_base': '/mnt/5252B43652B420A1/Deep_Project/Counter_UAS/ros2_WS/install/px4_msgs', 'merge_install': False, 'path': '/mnt/5252B43652B420A1/Deep_Project/Counter_UAS/ros2_WS/src/px4_msgs', 'symlink_install': False, 'test_result_base': None}
[0.542s] INFO:colcon.colcon_core.executor:Executing jobs using 'parallel' executor
[0.543s] DEBUG:colcon.colcon_parallel_executor.executor.parallel:run_until_complete
[0.543s] INFO:colcon.colcon_ros.task.ament_cmake.build:Building ROS package in '/mnt/5252B43652B420A1/Deep_Project/Counter_UAS/ros2_WS/src/px4_msgs' with build type 'ament_cmake'
[0.543s] INFO:colcon.colcon_cmake.task.cmake.build:Building CMake package in '/mnt/5252B43652B420A1/Deep_Project/Counter_UAS/ros2_WS/src/px4_msgs'
[0.546s] INFO:colcon.colcon_core.plugin_system:Skipping extension 'colcon_core.shell.bat': Not used on non-Windows systems
[0.547s] INFO:colcon.colcon_core.shell:Skip shell extension 'powershell' for command environment: Not usable outside of PowerShell
[0.547s] DEBUG:colcon.colcon_core.shell:Skip shell extension 'dsv' for command environment
[0.555s] DEBUG:colcon.colcon_core.event_handler.log_command:Invoking command in '/mnt/5252B43652B420A1/Deep_Project/Counter_UAS/ros2_WS/build/px4_msgs': CMAKE_PREFIX_PATH=/opt/ros/humble /usr/bin/cmake /mnt/5252B43652B420A1/Deep_Project/Counter_UAS/ros2_WS/src/px4_msgs -DCMAKE_INSTALL_PREFIX=/mnt/5252B43652B420A1/Deep_Project/Counter_UAS/ros2_WS/install/px4_msgs
[6.875s] DEBUG:colcon.colcon_core.event_handler.log_command:Invoked command in '/mnt/5252B43652B420A1/Deep_Project/Counter_UAS/ros2_WS/build/px4_msgs' returned '0': CMAKE_PREFIX_PATH=/opt/ros/humble /usr/bin/cmake /mnt/5252B43652B420A1/Deep_Project/Counter_UAS/ros2_WS/src/px4_msgs -DCMAKE_INSTALL_PREFIX=/mnt/5252B43652B420A1/Deep_Project/Counter_UAS/ros2_WS/install/px4_msgs
[6.878s] DEBUG:colcon.colcon_core.event_handler.log_command:Invoking command in '/mnt/5252B43652B420A1/Deep_Project/Counter_UAS/ros2_WS/build/px4_msgs': CMAKE_PREFIX_PATH=/opt/ros/humble /usr/bin/cmake --build /mnt/5252B43652B420A1/Deep_Project/Counter_UAS/ros2_WS/build/px4_msgs -- -j8 -l8
[533.481s] DEBUG:colcon.colcon_core.event_handler.log_command:Invoked command in '/mnt/5252B43652B420A1/Deep_Project/Counter_UAS/ros2_WS/build/px4_msgs' returned '0': CMAKE_PREFIX_PATH=/opt/ros/humble /usr/bin/cmake --build /mnt/5252B43652B420A1/Deep_Project/Counter_UAS/ros2_WS/build/px4_msgs -- -j8 -l8
[533.493s] DEBUG:colcon.colcon_core.event_handler.log_command:Invoking command in '/mnt/5252B43652B420A1/Deep_Project/Counter_UAS/ros2_WS/build/px4_msgs': CMAKE_PREFIX_PATH=/opt/ros/humble /usr/bin/cmake --install /mnt/5252B43652B420A1/Deep_Project/Counter_UAS/ros2_WS/build/px4_msgs
[539.645s] Level 1:colcon.colcon_core.environment:create_environment_scripts_only(px4_msgs)
[539.646s] DEBUG:colcon.colcon_core.event_handler.log_command:Invoked command in '/mnt/5252B43652B420A1/Deep_Project/Counter_UAS/ros2_WS/build/px4_msgs' returned '0': CMAKE_PREFIX_PATH=/opt/ros/humble /usr/bin/cmake --install /mnt/5252B43652B420A1/Deep_Project/Counter_UAS/ros2_WS/build/px4_msgs
[539.653s] Level 1:colcon.colcon_core.environment:checking '/mnt/5252B43652B420A1/Deep_Project/Counter_UAS/ros2_WS/install/px4_msgs' for CMake module files
[539.654s] Level 1:colcon.colcon_core.environment:checking '/mnt/5252B43652B420A1/Deep_Project/Counter_UAS/ros2_WS/install/px4_msgs' for CMake config files
[539.662s] Level 1:colcon.colcon_core.shell:create_environment_hook('px4_msgs', 'cmake_prefix_path')
[539.663s] INFO:colcon.colcon_core.shell:Creating environment hook '/mnt/5252B43652B420A1/Deep_Project/Counter_UAS/ros2_WS/install/px4_msgs/share/px4_msgs/hook/cmake_prefix_path.ps1'
[539.664s] INFO:colcon.colcon_core.shell:Creating environment descriptor '/mnt/5252B43652B420A1/Deep_Project/Counter_UAS/ros2_WS/install/px4_msgs/share/px4_msgs/hook/cmake_prefix_path.dsv'
[539.665s] INFO:colcon.colcon_core.shell:Creating environment hook '/mnt/5252B43652B420A1/Deep_Project/Counter_UAS/ros2_WS/install/px4_msgs/share/px4_msgs/hook/cmake_prefix_path.sh'
[539.667s] Level 1:colcon.colcon_core.environment:checking '/mnt/5252B43652B420A1/Deep_Project/Counter_UAS/ros2_WS/install/px4_msgs/lib'
[539.667s] Level 1:colcon.colcon_core.shell:create_environment_hook('px4_msgs', 'ld_library_path_lib')
[539.667s] INFO:colcon.colcon_core.shell:Creating environment hook '/mnt/5252B43652B420A1/Deep_Project/Counter_UAS/ros2_WS/install/px4_msgs/share/px4_msgs/hook/ld_library_path_lib.ps1'
[539.668s] INFO:colcon.colcon_core.shell:Creating environment descriptor '/mnt/5252B43652B420A1/Deep_Project/Counter_UAS/ros2_WS/install/px4_msgs/share/px4_msgs/hook/ld_library_path_lib.dsv'
[539.668s] INFO:colcon.colcon_core.shell:Creating environment hook '/mnt/5252B43652B420A1/Deep_Project/Counter_UAS/ros2_WS/install/px4_msgs/share/px4_msgs/hook/ld_library_path_lib.sh'
[539.669s] Level 1:colcon.colcon_core.environment:checking '/mnt/5252B43652B420A1/Deep_Project/Counter_UAS/ros2_WS/install/px4_msgs/bin'
[539.669s] Level 1:colcon.colcon_core.environment:checking '/mnt/5252B43652B420A1/Deep_Project/Counter_UAS/ros2_WS/install/px4_msgs/lib/pkgconfig/px4_msgs.pc'
[539.669s] Level 1:colcon.colcon_core.environment:checking '/mnt/5252B43652B420A1/Deep_Project/Counter_UAS/ros2_WS/install/px4_msgs/lib/python3.10/site-packages'
[539.669s] Level 1:colcon.colcon_core.environment:checking '/mnt/5252B43652B420A1/Deep_Project/Counter_UAS/ros2_WS/install/px4_msgs/bin'
[539.670s] INFO:colcon.colcon_core.shell:Creating package script '/mnt/5252B43652B420A1/Deep_Project/Counter_UAS/ros2_WS/install/px4_msgs/share/px4_msgs/package.ps1'
[539.671s] INFO:colcon.colcon_core.shell:Creating package descriptor '/mnt/5252B43652B420A1/Deep_Project/Counter_UAS/ros2_WS/install/px4_msgs/share/px4_msgs/package.dsv'
[539.672s] INFO:colcon.colcon_core.shell:Creating package script '/mnt/5252B43652B420A1/Deep_Project/Counter_UAS/ros2_WS/install/px4_msgs/share/px4_msgs/package.sh'
[539.673s] INFO:colcon.colcon_core.shell:Creating package script '/mnt/5252B43652B420A1/Deep_Project/Counter_UAS/ros2_WS/install/px4_msgs/share/px4_msgs/package.bash'
[539.674s] INFO:colcon.colcon_core.shell:Creating package script '/mnt/5252B43652B420A1/Deep_Project/Counter_UAS/ros2_WS/install/px4_msgs/share/px4_msgs/package.zsh'
[539.675s] Level 1:colcon.colcon_core.environment:create_file_with_runtime_dependencies(/mnt/5252B43652B420A1/Deep_Project/Counter_UAS/ros2_WS/install/px4_msgs/share/colcon-core/packages/px4_msgs)
[539.676s] Level 1:colcon.colcon_core.environment:create_environment_scripts_only(px4_msgs)
[539.676s] Level 1:colcon.colcon_core.environment:checking '/mnt/5252B43652B420A1/Deep_Project/Counter_UAS/ros2_WS/install/px4_msgs' for CMake module files
[539.677s] Level 1:colcon.colcon_core.environment:checking '/mnt/5252B43652B420A1/Deep_Project/Counter_UAS/ros2_WS/install/px4_msgs' for CMake config files
[539.685s] Level 1:colcon.colcon_core.shell:create_environment_hook('px4_msgs', 'cmake_prefix_path')
[539.685s] INFO:colcon.colcon_core.shell:Creating environment hook '/mnt/5252B43652B420A1/Deep_Project/Counter_UAS/ros2_WS/install/px4_msgs/share/px4_msgs/hook/cmake_prefix_path.ps1'
[539.686s] INFO:colcon.colcon_core.shell:Creating environment descriptor '/mnt/5252B43652B420A1/Deep_Project/Counter_UAS/ros2_WS/install/px4_msgs/share/px4_msgs/hook/cmake_prefix_path.dsv'
[539.686s] INFO:colcon.colcon_core.shell:Creating environment hook '/mnt/5252B43652B420A1/Deep_Project/Counter_UAS/ros2_WS/install/px4_msgs/share/px4_msgs/hook/cmake_prefix_path.sh'
[539.687s] Level 1:colcon.colcon_core.environment:checking '/mnt/5252B43652B420A1/Deep_Project/Counter_UAS/ros2_WS/install/px4_msgs/lib'
[539.687s] Level 1:colcon.colcon_core.shell:create_environment_hook('px4_msgs', 'ld_library_path_lib')
[539.688s] INFO:colcon.colcon_core.shell:Creating environment hook '/mnt/5252B43652B420A1/Deep_Project/Counter_UAS/ros2_WS/install/px4_msgs/share/px4_msgs/hook/ld_library_path_lib.ps1'
[539.688s] INFO:colcon.colcon_core.shell:Creating environment descriptor '/mnt/5252B43652B420A1/Deep_Project/Counter_UAS/ros2_WS/install/px4_msgs/share/px4_msgs/hook/ld_library_path_lib.dsv'
[539.689s] INFO:colcon.colcon_core.shell:Creating environment hook '/mnt/5252B43652B420A1/Deep_Project/Counter_UAS/ros2_WS/install/px4_msgs/share/px4_msgs/hook/ld_library_path_lib.sh'
[539.689s] Level 1:colcon.colcon_core.environment:checking '/mnt/5252B43652B420A1/Deep_Project/Counter_UAS/ros2_WS/install/px4_msgs/bin'
[539.689s] Level 1:colcon.colcon_core.environment:checking '/mnt/5252B43652B420A1/Deep_Project/Counter_UAS/ros2_WS/install/px4_msgs/lib/pkgconfig/px4_msgs.pc'
[539.690s] Level 1:colcon.colcon_core.environment:checking '/mnt/5252B43652B420A1/Deep_Project/Counter_UAS/ros2_WS/install/px4_msgs/lib/python3.10/site-packages'
[539.690s] Level 1:colcon.colcon_core.environment:checking '/mnt/5252B43652B420A1/Deep_Project/Counter_UAS/ros2_WS/install/px4_msgs/bin'
[539.690s] INFO:colcon.colcon_core.shell:Creating package script '/mnt/5252B43652B420A1/Deep_Project/Counter_UAS/ros2_WS/install/px4_msgs/share/px4_msgs/package.ps1'
[539.691s] INFO:colcon.colcon_core.shell:Creating package descriptor '/mnt/5252B43652B420A1/Deep_Project/Counter_UAS/ros2_WS/install/px4_msgs/share/px4_msgs/package.dsv'
[539.692s] INFO:colcon.colcon_core.shell:Creating package script '/mnt/5252B43652B420A1/Deep_Project/Counter_UAS/ros2_WS/install/px4_msgs/share/px4_msgs/package.sh'
[539.692s] INFO:colcon.colcon_core.shell:Creating package script '/mnt/5252B43652B420A1/Deep_Project/Counter_UAS/ros2_WS/install/px4_msgs/share/px4_msgs/package.bash'
[539.693s] INFO:colcon.colcon_core.shell:Creating package script '/mnt/5252B43652B420A1/Deep_Project/Counter_UAS/ros2_WS/install/px4_msgs/share/px4_msgs/package.zsh'
[539.694s] Level 1:colcon.colcon_core.environment:create_file_with_runtime_dependencies(/mnt/5252B43652B420A1/Deep_Project/Counter_UAS/ros2_WS/install/px4_msgs/share/colcon-core/packages/px4_msgs)
[539.694s] DEBUG:colcon.colcon_parallel_executor.executor.parallel:closing loop
[539.694s] DEBUG:colcon.colcon_parallel_executor.executor.parallel:loop closed
[539.694s] DEBUG:colcon.colcon_parallel_executor.executor.parallel:run_until_complete finished with '0'
[539.694s] DEBUG:colcon.colcon_core.event_reactor:joining thread
[539.703s] INFO:colcon.colcon_core.plugin_system:Skipping extension 'colcon_notification.desktop_notification.terminal_notifier': Not used on non-Darwin systems
[539.703s] INFO:colcon.colcon_core.plugin_system:Skipping extension 'colcon_notification.desktop_notification.win32': Not used on non-Windows systems
[539.703s] INFO:colcon.colcon_notification.desktop_notification:Sending desktop notification using 'notify2'
[539.723s] DEBUG:colcon.colcon_core.event_reactor:joined thread
[539.723s] INFO:colcon.colcon_core.shell:Creating prefix script '/mnt/5252B43652B420A1/Deep_Project/Counter_UAS/ros2_WS/install/local_setup.ps1'
[539.725s] INFO:colcon.colcon_core.shell:Creating prefix util module '/mnt/5252B43652B420A1/Deep_Project/Counter_UAS/ros2_WS/install/_local_setup_util_ps1.py'
[539.727s] INFO:colcon.colcon_core.shell:Creating prefix chain script '/mnt/5252B43652B420A1/Deep_Project/Counter_UAS/ros2_WS/install/setup.ps1'
[539.728s] INFO:colcon.colcon_core.shell:Creating prefix script '/mnt/5252B43652B420A1/Deep_Project/Counter_UAS/ros2_WS/install/local_setup.sh'
[539.729s] INFO:colcon.colcon_core.shell:Creating prefix util module '/mnt/5252B43652B420A1/Deep_Project/Counter_UAS/ros2_WS/install/_local_setup_util_sh.py'
[539.730s] INFO:colcon.colcon_core.shell:Creating prefix chain script '/mnt/5252B43652B420A1/Deep_Project/Counter_UAS/ros2_WS/install/setup.sh'
[539.732s] INFO:colcon.colcon_core.shell:Creating prefix script '/mnt/5252B43652B420A1/Deep_Project/Counter_UAS/ros2_WS/install/local_setup.bash'
[539.733s] INFO:colcon.colcon_core.shell:Creating prefix chain script '/mnt/5252B43652B420A1/Deep_Project/Counter_UAS/ros2_WS/install/setup.bash'
[539.734s] INFO:colcon.colcon_core.shell:Creating prefix script '/mnt/5252B43652B420A1/Deep_Project/Counter_UAS/ros2_WS/install/local_setup.zsh'
[539.735s] INFO:colcon.colcon_core.shell:Creating prefix chain script '/mnt/5252B43652B420A1/Deep_Project/Counter_UAS/ros2_WS/install/setup.zsh'
