[0.196s] [34mcolcon[0m [1;30mDEBUG[0m [32mCommand line arguments: ['/usr/bin/colcon', 'build', '--packages-select', 'perception_node'][0m
[0.196s] [34mcolcon[0m [1;30mDEBUG[0m [32mParsed command line arguments: Namespace(log_base=None, log_level=None, verb_name='build', build_base='build', install_base='install', merge_install=False, symlink_install=False, test_result_base=None, continue_on_error=False, executor='parallel', parallel_workers=8, event_handlers=None, ignore_user_meta=False, metas=['./colcon.meta'], base_paths=['.'], packages_ignore=None, packages_ignore_regex=None, paths=None, packages_up_to=None, packages_up_to_regex=None, packages_above=None, packages_above_and_dependencies=None, packages_above_depth=None, packages_select_by_dep=None, packages_skip_by_dep=None, packages_skip_up_to=None, packages_select_build_failed=False, packages_skip_build_finished=False, packages_select_test_failures=False, packages_skip_test_passed=False, packages_select=['perception_node'], packages_skip=None, packages_select_regex=None, packages_skip_regex=None, packages_start=None, packages_end=None, allow_overriding=[], cmake_args=None, cmake_target=None, cmake_target_skip_unavailable=False, cmake_clean_cache=False, cmake_clean_first=False, cmake_force_configure=False, ament_cmake_args=None, catkin_cmake_args=None, catkin_skip_building_tests=False, verb_parser=<colcon_defaults.argument_parser.defaults.DefaultArgumentsDecorator object at 0x7c3678effbe0>, verb_extension=<colcon_core.verb.build.BuildVerb object at 0x7c3678e49210>, main=<bound method BuildVerb.main of <colcon_core.verb.build.BuildVerb object at 0x7c3678e49210>>)[0m
[0.550s] [34mcolcon.colcon_core.package_discovery[0m [1;30mLevel 1[0m discover_packages(colcon_meta) check parameters
[0.551s] [34mcolcon.colcon_core.package_discovery[0m [1;30mLevel 1[0m discover_packages(recursive) check parameters
[0.551s] [34mcolcon.colcon_core.package_discovery[0m [1;30mLevel 1[0m discover_packages(ignore) check parameters
[0.551s] [34mcolcon.colcon_core.package_discovery[0m [1;30mLevel 1[0m discover_packages(path) check parameters
[0.551s] [34mcolcon.colcon_core.package_discovery[0m [1;30mLevel 1[0m discover_packages(colcon_meta) discover
[0.551s] [34mcolcon.colcon_core.package_discovery[0m [1;30mLevel 1[0m discover_packages(recursive) discover
[0.551s] [34mcolcon.colcon_core.package_discovery[0m [1;30mINFO[0m Crawling recursively for packages in '/mnt/5252B43652B420A1/Deep_Project/Counter_UAS/ros2_WS'
[0.551s] [34mcolcon.colcon_core.package_identification[0m [1;30mLevel 1[0m _identify(.) by extensions ['ignore', 'ignore_ament_install']
[0.551s] [34mcolcon.colcon_core.package_identification[0m [1;30mLevel 1[0m _identify(.) by extension 'ignore'
[0.552s] [34mcolcon.colcon_core.package_identification[0m [1;30mLevel 1[0m _identify(.) by extension 'ignore_ament_install'
[0.552s] [34mcolcon.colcon_core.package_identification[0m [1;30mLevel 1[0m _identify(.) by extensions ['colcon_pkg']
[0.552s] [34mcolcon.colcon_core.package_identification[0m [1;30mLevel 1[0m _identify(.) by extension 'colcon_pkg'
[0.552s] [34mcolcon.colcon_core.package_identification[0m [1;30mLevel 1[0m _identify(.) by extensions ['colcon_meta']
[0.552s] [34mcolcon.colcon_core.package_identification[0m [1;30mLevel 1[0m _identify(.) by extension 'colcon_meta'
[0.552s] [34mcolcon.colcon_core.package_identification[0m [1;30mLevel 1[0m _identify(.) by extensions ['ros']
[0.552s] [34mcolcon.colcon_core.package_identification[0m [1;30mLevel 1[0m _identify(.) by extension 'ros'
[0.615s] [34mcolcon.colcon_core.package_identification[0m [1;30mLevel 1[0m _identify(.) by extensions ['cmake', 'python']
[0.615s] [34mcolcon.colcon_core.package_identification[0m [1;30mLevel 1[0m _identify(.) by extension 'cmake'
[0.615s] [34mcolcon.colcon_core.package_identification[0m [1;30mLevel 1[0m _identify(.) by extension 'python'
[0.616s] [34mcolcon.colcon_core.package_identification[0m [1;30mLevel 1[0m _identify(.) by extensions ['python_setup_py']
[0.616s] [34mcolcon.colcon_core.package_identification[0m [1;30mLevel 1[0m _identify(.) by extension 'python_setup_py'
[0.616s] [34mcolcon.colcon_core.package_identification[0m [1;30mLevel 1[0m _identify(build) by extensions ['ignore', 'ignore_ament_install']
[0.616s] [34mcolcon.colcon_core.package_identification[0m [1;30mLevel 1[0m _identify(build) by extension 'ignore'
[0.616s] [34mcolcon.colcon_core.package_identification[0m [1;30mLevel 1[0m _identify(build) ignored
[0.617s] [34mcolcon.colcon_core.package_identification[0m [1;30mLevel 1[0m _identify(install) by extensions ['ignore', 'ignore_ament_install']
[0.617s] [34mcolcon.colcon_core.package_identification[0m [1;30mLevel 1[0m _identify(install) by extension 'ignore'
[0.617s] [34mcolcon.colcon_core.package_identification[0m [1;30mLevel 1[0m _identify(install) ignored
[0.618s] [34mcolcon.colcon_core.package_identification[0m [1;30mLevel 1[0m _identify(log) by extensions ['ignore', 'ignore_ament_install']
[0.618s] [34mcolcon.colcon_core.package_identification[0m [1;30mLevel 1[0m _identify(log) by extension 'ignore'
[0.618s] [34mcolcon.colcon_core.package_identification[0m [1;30mLevel 1[0m _identify(log) ignored
[0.618s] [34mcolcon.colcon_core.package_identification[0m [1;30mLevel 1[0m _identify(src) by extensions ['ignore', 'ignore_ament_install']
[0.618s] [34mcolcon.colcon_core.package_identification[0m [1;30mLevel 1[0m _identify(src) by extension 'ignore'
[0.619s] [34mcolcon.colcon_core.package_identification[0m [1;30mLevel 1[0m _identify(src) by extension 'ignore_ament_install'
[0.619s] [34mcolcon.colcon_core.package_identification[0m [1;30mLevel 1[0m _identify(src) by extensions ['colcon_pkg']
[0.619s] [34mcolcon.colcon_core.package_identification[0m [1;30mLevel 1[0m _identify(src) by extension 'colcon_pkg'
[0.619s] [34mcolcon.colcon_core.package_identification[0m [1;30mLevel 1[0m _identify(src) by extensions ['colcon_meta']
[0.619s] [34mcolcon.colcon_core.package_identification[0m [1;30mLevel 1[0m _identify(src) by extension 'colcon_meta'
[0.619s] [34mcolcon.colcon_core.package_identification[0m [1;30mLevel 1[0m _identify(src) by extensions ['ros']
[0.619s] [34mcolcon.colcon_core.package_identification[0m [1;30mLevel 1[0m _identify(src) by extension 'ros'
[0.620s] [34mcolcon.colcon_core.package_identification[0m [1;30mLevel 1[0m _identify(src) by extensions ['cmake', 'python']
[0.620s] [34mcolcon.colcon_core.package_identification[0m [1;30mLevel 1[0m _identify(src) by extension 'cmake'
[0.620s] [34mcolcon.colcon_core.package_identification[0m [1;30mLevel 1[0m _identify(src) by extension 'python'
[0.620s] [34mcolcon.colcon_core.package_identification[0m [1;30mLevel 1[0m _identify(src) by extensions ['python_setup_py']
[0.620s] [34mcolcon.colcon_core.package_identification[0m [1;30mLevel 1[0m _identify(src) by extension 'python_setup_py'
[0.621s] [34mcolcon.colcon_core.package_identification[0m [1;30mLevel 1[0m _identify(src/interfaces) by extensions ['ignore', 'ignore_ament_install']
[0.621s] [34mcolcon.colcon_core.package_identification[0m [1;30mLevel 1[0m _identify(src/interfaces) by extension 'ignore'
[0.621s] [34mcolcon.colcon_core.package_identification[0m [1;30mLevel 1[0m _identify(src/interfaces) by extension 'ignore_ament_install'
[0.621s] [34mcolcon.colcon_core.package_identification[0m [1;30mLevel 1[0m _identify(src/interfaces) by extensions ['colcon_pkg']
[0.621s] [34mcolcon.colcon_core.package_identification[0m [1;30mLevel 1[0m _identify(src/interfaces) by extension 'colcon_pkg'
[0.622s] [34mcolcon.colcon_core.package_identification[0m [1;30mLevel 1[0m _identify(src/interfaces) by extensions ['colcon_meta']
[0.622s] [34mcolcon.colcon_core.package_identification[0m [1;30mLevel 1[0m _identify(src/interfaces) by extension 'colcon_meta'
[0.622s] [34mcolcon.colcon_core.package_identification[0m [1;30mLevel 1[0m _identify(src/interfaces) by extensions ['ros']
[0.622s] [34mcolcon.colcon_core.package_identification[0m [1;30mLevel 1[0m _identify(src/interfaces) by extension 'ros'
[0.628s] [34mcolcon.colcon_core.package_identification[0m [1;30mDEBUG[0m [32mPackage 'src/interfaces' with type 'ros.ament_cmake' and name 'interfaces'[0m
[0.628s] [34mcolcon.colcon_core.package_identification[0m [1;30mLevel 1[0m _identify(src/perception_node) by extensions ['ignore', 'ignore_ament_install']
[0.629s] [34mcolcon.colcon_core.package_identification[0m [1;30mLevel 1[0m _identify(src/perception_node) by extension 'ignore'
[0.629s] [34mcolcon.colcon_core.package_identification[0m [1;30mLevel 1[0m _identify(src/perception_node) by extension 'ignore_ament_install'
[0.629s] [34mcolcon.colcon_core.package_identification[0m [1;30mLevel 1[0m _identify(src/perception_node) by extensions ['colcon_pkg']
[0.629s] [34mcolcon.colcon_core.package_identification[0m [1;30mLevel 1[0m _identify(src/perception_node) by extension 'colcon_pkg'
[0.629s] [34mcolcon.colcon_core.package_identification[0m [1;30mLevel 1[0m _identify(src/perception_node) by extensions ['colcon_meta']
[0.629s] [34mcolcon.colcon_core.package_identification[0m [1;30mLevel 1[0m _identify(src/perception_node) by extension 'colcon_meta'
[0.630s] [34mcolcon.colcon_core.package_identification[0m [1;30mLevel 1[0m _identify(src/perception_node) by extensions ['ros']
[0.630s] [34mcolcon.colcon_core.package_identification[0m [1;30mLevel 1[0m _identify(src/perception_node) by extension 'ros'
[0.631s] [34mcolcon.colcon_core.package_identification[0m [1;30mDEBUG[0m [32mPackage 'src/perception_node' with type 'ros.ament_python' and name 'perception_node'[0m
[0.632s] [34mcolcon.colcon_core.package_identification[0m [1;30mLevel 1[0m _identify(src/px4_msgs) by extensions ['ignore', 'ignore_ament_install']
[0.632s] [34mcolcon.colcon_core.package_identification[0m [1;30mLevel 1[0m _identify(src/px4_msgs) by extension 'ignore'
[0.632s] [34mcolcon.colcon_core.package_identification[0m [1;30mLevel 1[0m _identify(src/px4_msgs) by extension 'ignore_ament_install'
[0.632s] [34mcolcon.colcon_core.package_identification[0m [1;30mLevel 1[0m _identify(src/px4_msgs) by extensions ['colcon_pkg']
[0.632s] [34mcolcon.colcon_core.package_identification[0m [1;30mLevel 1[0m _identify(src/px4_msgs) by extension 'colcon_pkg'
[0.632s] [34mcolcon.colcon_core.package_identification[0m [1;30mLevel 1[0m _identify(src/px4_msgs) by extensions ['colcon_meta']
[0.632s] [34mcolcon.colcon_core.package_identification[0m [1;30mLevel 1[0m _identify(src/px4_msgs) by extension 'colcon_meta'
[0.632s] [34mcolcon.colcon_core.package_identification[0m [1;30mLevel 1[0m _identify(src/px4_msgs) by extensions ['ros']
[0.632s] [34mcolcon.colcon_core.package_identification[0m [1;30mLevel 1[0m _identify(src/px4_msgs) by extension 'ros'
[0.634s] [34mcolcon.colcon_core.package_identification[0m [1;30mDEBUG[0m [32mPackage 'src/px4_msgs' with type 'ros.ament_cmake' and name 'px4_msgs'[0m
[0.634s] [34mcolcon.colcon_core.package_identification[0m [1;30mLevel 1[0m _identify(src/sensor_node) by extensions ['ignore', 'ignore_ament_install']
[0.635s] [34mcolcon.colcon_core.package_identification[0m [1;30mLevel 1[0m _identify(src/sensor_node) by extension 'ignore'
[0.635s] [34mcolcon.colcon_core.package_identification[0m [1;30mLevel 1[0m _identify(src/sensor_node) by extension 'ignore_ament_install'
[0.635s] [34mcolcon.colcon_core.package_identification[0m [1;30mLevel 1[0m _identify(src/sensor_node) by extensions ['colcon_pkg']
[0.635s] [34mcolcon.colcon_core.package_identification[0m [1;30mLevel 1[0m _identify(src/sensor_node) by extension 'colcon_pkg'
[0.635s] [34mcolcon.colcon_core.package_identification[0m [1;30mLevel 1[0m _identify(src/sensor_node) by extensions ['colcon_meta']
[0.635s] [34mcolcon.colcon_core.package_identification[0m [1;30mLevel 1[0m _identify(src/sensor_node) by extension 'colcon_meta'
[0.636s] [34mcolcon.colcon_core.package_identification[0m [1;30mLevel 1[0m _identify(src/sensor_node) by extensions ['ros']
[0.636s] [34mcolcon.colcon_core.package_identification[0m [1;30mLevel 1[0m _identify(src/sensor_node) by extension 'ros'
[0.638s] [34mcolcon.colcon_core.package_identification[0m [1;30mDEBUG[0m [32mPackage 'src/sensor_node' with type 'ros.ament_python' and name 'sensor_node'[0m
[0.638s] [34mcolcon.colcon_core.package_discovery[0m [1;30mLevel 1[0m discover_packages(recursive) using defaults
[0.638s] [34mcolcon.colcon_core.package_discovery[0m [1;30mLevel 1[0m discover_packages(ignore) discover
[0.638s] [34mcolcon.colcon_core.package_discovery[0m [1;30mLevel 1[0m discover_packages(ignore) using defaults
[0.639s] [34mcolcon.colcon_core.package_discovery[0m [1;30mLevel 1[0m discover_packages(path) discover
[0.639s] [34mcolcon.colcon_core.package_discovery[0m [1;30mLevel 1[0m discover_packages(path) using defaults
[0.661s] [34mcolcon.colcon_core.package_selection[0m [1;30mINFO[0m Skipping not selected package 'interfaces' in 'src/interfaces'
[0.661s] [34mcolcon.colcon_core.package_selection[0m [1;30mINFO[0m Skipping not selected package 'px4_msgs' in 'src/px4_msgs'
[0.662s] [34mcolcon.colcon_core.package_selection[0m [1;30mINFO[0m Skipping not selected package 'sensor_node' in 'src/sensor_node'
[0.662s] [34mcolcon.colcon_core.package_discovery[0m [1;30mLevel 1[0m discover_packages(prefix_path) check parameters
[0.662s] [34mcolcon.colcon_core.package_discovery[0m [1;30mLevel 1[0m discover_packages(prefix_path) discover
[0.666s] [34mcolcon.colcon_installed_package_information.package_discovery[0m [1;30mDEBUG[0m [32mFound 2 installed packages in /mnt/5252B43652B420A1/Deep_Project/Counter_UAS/ros2_WS/install[0m
[0.669s] [34mcolcon.colcon_installed_package_information.package_discovery[0m [1;30mDEBUG[0m [32mFound 313 installed packages in /opt/ros/humble[0m
[0.671s] [34mcolcon.colcon_core.package_discovery[0m [1;30mLevel 1[0m discover_packages(prefix_path) using defaults
[0.729s] [34mcolcon.colcon_core.verb[0m [1;30mLevel 5[0m set package 'perception_node' build argument 'cmake_args' from command line to 'None'
[0.729s] [34mcolcon.colcon_core.verb[0m [1;30mLevel 5[0m set package 'perception_node' build argument 'cmake_target' from command line to 'None'
[0.729s] [34mcolcon.colcon_core.verb[0m [1;30mLevel 5[0m set package 'perception_node' build argument 'cmake_target_skip_unavailable' from command line to 'False'
[0.729s] [34mcolcon.colcon_core.verb[0m [1;30mLevel 5[0m set package 'perception_node' build argument 'cmake_clean_cache' from command line to 'False'
[0.729s] [34mcolcon.colcon_core.verb[0m [1;30mLevel 5[0m set package 'perception_node' build argument 'cmake_clean_first' from command line to 'False'
[0.729s] [34mcolcon.colcon_core.verb[0m [1;30mLevel 5[0m set package 'perception_node' build argument 'cmake_force_configure' from command line to 'False'
[0.729s] [34mcolcon.colcon_core.verb[0m [1;30mLevel 5[0m set package 'perception_node' build argument 'ament_cmake_args' from command line to 'None'
[0.729s] [34mcolcon.colcon_core.verb[0m [1;30mLevel 5[0m set package 'perception_node' build argument 'catkin_cmake_args' from command line to 'None'
[0.729s] [34mcolcon.colcon_core.verb[0m [1;30mLevel 5[0m set package 'perception_node' build argument 'catkin_skip_building_tests' from command line to 'False'
[0.729s] [34mcolcon.colcon_core.verb[0m [1;30mDEBUG[0m [32mBuilding package 'perception_node' with the following arguments: {'ament_cmake_args': None, 'build_base': '/mnt/5252B43652B420A1/Deep_Project/Counter_UAS/ros2_WS/build/perception_node', 'catkin_cmake_args': None, 'catkin_skip_building_tests': False, 'cmake_args': None, 'cmake_clean_cache': False, 'cmake_clean_first': False, 'cmake_force_configure': False, 'cmake_target': None, 'cmake_target_skip_unavailable': False, 'install_base': '/mnt/5252B43652B420A1/Deep_Project/Counter_UAS/ros2_WS/install/perception_node', 'merge_install': False, 'path': '/mnt/5252B43652B420A1/Deep_Project/Counter_UAS/ros2_WS/src/perception_node', 'symlink_install': False, 'test_result_base': None}[0m
[0.730s] [34mcolcon.colcon_core.executor[0m [1;30mINFO[0m Executing jobs using 'parallel' executor
[0.731s] [34mcolcon.colcon_parallel_executor.executor.parallel[0m [1;30mDEBUG[0m [32mrun_until_complete[0m
[0.731s] [34mcolcon.colcon_ros.task.ament_python.build[0m [1;30mINFO[0m Building ROS package in '/mnt/5252B43652B420A1/Deep_Project/Counter_UAS/ros2_WS/src/perception_node' with build type 'ament_python'
[0.731s] [34mcolcon.colcon_core.shell[0m [1;30mLevel 1[0m create_environment_hook('perception_node', 'ament_prefix_path')
[0.734s] [34mcolcon.colcon_core.plugin_system[0m [1;30mINFO[0m Skipping extension 'colcon_core.shell.bat': Not used on non-Windows systems
[0.735s] [34mcolcon.colcon_core.shell[0m [1;30mINFO[0m Creating environment hook '/mnt/5252B43652B420A1/Deep_Project/Counter_UAS/ros2_WS/install/perception_node/share/perception_node/hook/ament_prefix_path.ps1'
[0.737s] [34mcolcon.colcon_core.shell[0m [1;30mINFO[0m Creating environment descriptor '/mnt/5252B43652B420A1/Deep_Project/Counter_UAS/ros2_WS/install/perception_node/share/perception_node/hook/ament_prefix_path.dsv'
[0.738s] [34mcolcon.colcon_core.shell[0m [1;30mINFO[0m Creating environment hook '/mnt/5252B43652B420A1/Deep_Project/Counter_UAS/ros2_WS/install/perception_node/share/perception_node/hook/ament_prefix_path.sh'
[0.741s] [34mcolcon.colcon_core.shell[0m [1;30mINFO[0m Skip shell extension 'powershell' for command environment: Not usable outside of PowerShell
[0.741s] [34mcolcon.colcon_core.shell[0m [1;30mDEBUG[0m [32mSkip shell extension 'dsv' for command environment[0m
[1.125s] [34mcolcon.colcon_core.task.python.build[0m [1;30mINFO[0m Building Python package in '/mnt/5252B43652B420A1/Deep_Project/Counter_UAS/ros2_WS/src/perception_node'
[1.125s] [34mcolcon.colcon_core.shell[0m [1;30mINFO[0m Skip shell extension 'powershell' for command environment: Not usable outside of PowerShell
[1.125s] [34mcolcon.colcon_core.shell[0m [1;30mDEBUG[0m [32mSkip shell extension 'dsv' for command environment[0m
[1.572s] [34mcolcon.colcon_core.event_handler.log_command[0m [1;30mDEBUG[0m [32mInvoking command in '/mnt/5252B43652B420A1/Deep_Project/Counter_UAS/ros2_WS/src/perception_node': PYTHONPATH=/mnt/5252B43652B420A1/Deep_Project/Counter_UAS/ros2_WS/build/perception_node/prefix_override:/usr/lib/python3/dist-packages/colcon_core/task/python/colcon_distutils_commands:/mnt/5252B43652B420A1/Deep_Project/Counter_UAS/ros2_WS/install/perception_node/lib/python3.10/site-packages:${PYTHONPATH} /usr/bin/python3 -W ignore:setup.py install is deprecated -W ignore:easy_install command is deprecated setup.py egg_info --egg-base ../../build/perception_node build --build-base /mnt/5252B43652B420A1/Deep_Project/Counter_UAS/ros2_WS/build/perception_node/build install --record /mnt/5252B43652B420A1/Deep_Project/Counter_UAS/ros2_WS/build/perception_node/install.log --single-version-externally-managed install_data[0m
[1.977s] [34mcolcon.colcon_core.event_handler.log_command[0m [1;30mDEBUG[0m [32mInvoked command in '/mnt/5252B43652B420A1/Deep_Project/Counter_UAS/ros2_WS/src/perception_node' returned '0': PYTHONPATH=/mnt/5252B43652B420A1/Deep_Project/Counter_UAS/ros2_WS/build/perception_node/prefix_override:/usr/lib/python3/dist-packages/colcon_core/task/python/colcon_distutils_commands:/mnt/5252B43652B420A1/Deep_Project/Counter_UAS/ros2_WS/install/perception_node/lib/python3.10/site-packages:${PYTHONPATH} /usr/bin/python3 -W ignore:setup.py install is deprecated -W ignore:easy_install command is deprecated setup.py egg_info --egg-base ../../build/perception_node build --build-base /mnt/5252B43652B420A1/Deep_Project/Counter_UAS/ros2_WS/build/perception_node/build install --record /mnt/5252B43652B420A1/Deep_Project/Counter_UAS/ros2_WS/build/perception_node/install.log --single-version-externally-managed install_data[0m
[1.979s] [34mcolcon.colcon_core.environment[0m [1;30mLevel 1[0m checking '/mnt/5252B43652B420A1/Deep_Project/Counter_UAS/ros2_WS/install/perception_node' for CMake module files
[1.980s] [34mcolcon.colcon_core.environment[0m [1;30mLevel 1[0m checking '/mnt/5252B43652B420A1/Deep_Project/Counter_UAS/ros2_WS/install/perception_node' for CMake config files
[1.982s] [34mcolcon.colcon_core.environment[0m [1;30mLevel 1[0m checking '/mnt/5252B43652B420A1/Deep_Project/Counter_UAS/ros2_WS/install/perception_node/lib'
[1.982s] [34mcolcon.colcon_core.environment[0m [1;30mLevel 1[0m checking '/mnt/5252B43652B420A1/Deep_Project/Counter_UAS/ros2_WS/install/perception_node/bin'
[1.982s] [34mcolcon.colcon_core.environment[0m [1;30mLevel 1[0m checking '/mnt/5252B43652B420A1/Deep_Project/Counter_UAS/ros2_WS/install/perception_node/lib/pkgconfig/perception_node.pc'
[1.983s] [34mcolcon.colcon_core.environment[0m [1;30mLevel 1[0m checking '/mnt/5252B43652B420A1/Deep_Project/Counter_UAS/ros2_WS/install/perception_node/lib/python3.10/site-packages'
[1.983s] [34mcolcon.colcon_core.shell[0m [1;30mLevel 1[0m create_environment_hook('perception_node', 'pythonpath')
[1.983s] [34mcolcon.colcon_core.shell[0m [1;30mINFO[0m Creating environment hook '/mnt/5252B43652B420A1/Deep_Project/Counter_UAS/ros2_WS/install/perception_node/share/perception_node/hook/pythonpath.ps1'
[1.984s] [34mcolcon.colcon_core.shell[0m [1;30mINFO[0m Creating environment descriptor '/mnt/5252B43652B420A1/Deep_Project/Counter_UAS/ros2_WS/install/perception_node/share/perception_node/hook/pythonpath.dsv'
[1.985s] [34mcolcon.colcon_core.shell[0m [1;30mINFO[0m Creating environment hook '/mnt/5252B43652B420A1/Deep_Project/Counter_UAS/ros2_WS/install/perception_node/share/perception_node/hook/pythonpath.sh'
[1.985s] [34mcolcon.colcon_core.environment[0m [1;30mLevel 1[0m checking '/mnt/5252B43652B420A1/Deep_Project/Counter_UAS/ros2_WS/install/perception_node/bin'
[1.985s] [34mcolcon.colcon_core.environment[0m [1;30mLevel 1[0m create_environment_scripts_only(perception_node)
[1.986s] [34mcolcon.colcon_core.shell[0m [1;30mINFO[0m Creating package script '/mnt/5252B43652B420A1/Deep_Project/Counter_UAS/ros2_WS/install/perception_node/share/perception_node/package.ps1'
[1.988s] [34mcolcon.colcon_core.shell[0m [1;30mINFO[0m Creating package descriptor '/mnt/5252B43652B420A1/Deep_Project/Counter_UAS/ros2_WS/install/perception_node/share/perception_node/package.dsv'
[1.988s] [34mcolcon.colcon_core.shell[0m [1;30mINFO[0m Creating package script '/mnt/5252B43652B420A1/Deep_Project/Counter_UAS/ros2_WS/install/perception_node/share/perception_node/package.sh'
[1.989s] [34mcolcon.colcon_core.shell[0m [1;30mINFO[0m Creating package script '/mnt/5252B43652B420A1/Deep_Project/Counter_UAS/ros2_WS/install/perception_node/share/perception_node/package.bash'
[1.990s] [34mcolcon.colcon_core.shell[0m [1;30mINFO[0m Creating package script '/mnt/5252B43652B420A1/Deep_Project/Counter_UAS/ros2_WS/install/perception_node/share/perception_node/package.zsh'
[1.992s] [34mcolcon.colcon_core.environment[0m [1;30mLevel 1[0m create_file_with_runtime_dependencies(/mnt/5252B43652B420A1/Deep_Project/Counter_UAS/ros2_WS/install/perception_node/share/colcon-core/packages/perception_node)
[1.993s] [34mcolcon.colcon_parallel_executor.executor.parallel[0m [1;30mDEBUG[0m [32mclosing loop[0m
[1.994s] [34mcolcon.colcon_parallel_executor.executor.parallel[0m [1;30mDEBUG[0m [32mloop closed[0m
[1.994s] [34mcolcon.colcon_parallel_executor.executor.parallel[0m [1;30mDEBUG[0m [32mrun_until_complete finished with '0'[0m
[1.995s] [34mcolcon.colcon_core.event_reactor[0m [1;30mDEBUG[0m [32mjoining thread[0m
[2.001s] [34mcolcon.colcon_core.plugin_system[0m [1;30mINFO[0m Skipping extension 'colcon_notification.desktop_notification.terminal_notifier': Not used on non-Darwin systems
[2.002s] [34mcolcon.colcon_core.plugin_system[0m [1;30mINFO[0m Skipping extension 'colcon_notification.desktop_notification.win32': Not used on non-Windows systems
[2.002s] [34mcolcon.colcon_notification.desktop_notification[0m [1;30mINFO[0m Sending desktop notification using 'notify2'
[2.014s] [34mcolcon.colcon_core.event_reactor[0m [1;30mDEBUG[0m [32mjoined thread[0m
[2.015s] [34mcolcon.colcon_core.shell[0m [1;30mINFO[0m Creating prefix script '/mnt/5252B43652B420A1/Deep_Project/Counter_UAS/ros2_WS/install/local_setup.ps1'
[2.017s] [34mcolcon.colcon_core.shell[0m [1;30mINFO[0m Creating prefix util module '/mnt/5252B43652B420A1/Deep_Project/Counter_UAS/ros2_WS/install/_local_setup_util_ps1.py'
[2.018s] [34mcolcon.colcon_core.shell[0m [1;30mINFO[0m Creating prefix chain script '/mnt/5252B43652B420A1/Deep_Project/Counter_UAS/ros2_WS/install/setup.ps1'
[2.021s] [34mcolcon.colcon_core.shell[0m [1;30mINFO[0m Creating prefix script '/mnt/5252B43652B420A1/Deep_Project/Counter_UAS/ros2_WS/install/local_setup.sh'
[2.022s] [34mcolcon.colcon_core.shell[0m [1;30mINFO[0m Creating prefix util module '/mnt/5252B43652B420A1/Deep_Project/Counter_UAS/ros2_WS/install/_local_setup_util_sh.py'
[2.023s] [34mcolcon.colcon_core.shell[0m [1;30mINFO[0m Creating prefix chain script '/mnt/5252B43652B420A1/Deep_Project/Counter_UAS/ros2_WS/install/setup.sh'
[2.027s] [34mcolcon.colcon_core.shell[0m [1;30mINFO[0m Creating prefix script '/mnt/5252B43652B420A1/Deep_Project/Counter_UAS/ros2_WS/install/local_setup.bash'
[2.028s] [34mcolcon.colcon_core.shell[0m [1;30mINFO[0m Creating prefix chain script '/mnt/5252B43652B420A1/Deep_Project/Counter_UAS/ros2_WS/install/setup.bash'
[2.030s] [34mcolcon.colcon_core.shell[0m [1;30mINFO[0m Creating prefix script '/mnt/5252B43652B420A1/Deep_Project/Counter_UAS/ros2_WS/install/local_setup.zsh'
[2.031s] [34mcolcon.colcon_core.shell[0m [1;30mINFO[0m Creating prefix chain script '/mnt/5252B43652B420A1/Deep_Project/Counter_UAS/ros2_WS/install/setup.zsh'
