[0.216s] [34mcolcon[0m [1;30mDEBUG[0m [32mCommand line arguments: ['/usr/bin/colcon', 'build', '--packages-select', 'interfaces'][0m
[0.216s] [34mcolcon[0m [1;30mDEBUG[0m [32mParsed command line arguments: Namespace(log_base=None, log_level=None, verb_name='build', build_base='build', install_base='install', merge_install=False, symlink_install=False, test_result_base=None, continue_on_error=False, executor='parallel', parallel_workers=8, event_handlers=None, ignore_user_meta=False, metas=['./colcon.meta'], base_paths=['.'], packages_ignore=None, packages_ignore_regex=None, paths=None, packages_up_to=None, packages_up_to_regex=None, packages_above=None, packages_above_and_dependencies=None, packages_above_depth=None, packages_select_by_dep=None, packages_skip_by_dep=None, packages_skip_up_to=None, packages_select_build_failed=False, packages_skip_build_finished=False, packages_select_test_failures=False, packages_skip_test_passed=False, packages_select=['interfaces'], packages_skip=None, packages_select_regex=None, packages_skip_regex=None, packages_start=None, packages_end=None, allow_overriding=[], cmake_args=None, cmake_target=None, cmake_target_skip_unavailable=False, cmake_clean_cache=False, cmake_clean_first=False, cmake_force_configure=False, ament_cmake_args=None, catkin_cmake_args=None, catkin_skip_building_tests=False, verb_parser=<colcon_defaults.argument_parser.defaults.DefaultArgumentsDecorator object at 0x7d3c87303670>, verb_extension=<colcon_core.verb.build.BuildVerb object at 0x7d3c87440ca0>, main=<bound method BuildVerb.main of <colcon_core.verb.build.BuildVerb object at 0x7d3c87440ca0>>)[0m
[0.525s] [34mcolcon.colcon_core.package_discovery[0m [1;30mLevel 1[0m discover_packages(colcon_meta) check parameters
[0.526s] [34mcolcon.colcon_core.package_discovery[0m [1;30mLevel 1[0m discover_packages(recursive) check parameters
[0.526s] [34mcolcon.colcon_core.package_discovery[0m [1;30mLevel 1[0m discover_packages(ignore) check parameters
[0.526s] [34mcolcon.colcon_core.package_discovery[0m [1;30mLevel 1[0m discover_packages(path) check parameters
[0.526s] [34mcolcon.colcon_core.package_discovery[0m [1;30mLevel 1[0m discover_packages(colcon_meta) discover
[0.526s] [34mcolcon.colcon_core.package_discovery[0m [1;30mLevel 1[0m discover_packages(recursive) discover
[0.526s] [34mcolcon.colcon_core.package_discovery[0m [1;30mINFO[0m Crawling recursively for packages in '/mnt/5252B43652B420A1/Deep_Project/Counter_UAS/ros2_WS'
[0.526s] [34mcolcon.colcon_core.package_identification[0m [1;30mLevel 1[0m _identify(.) by extensions ['ignore', 'ignore_ament_install']
[0.526s] [34mcolcon.colcon_core.package_identification[0m [1;30mLevel 1[0m _identify(.) by extension 'ignore'
[0.526s] [34mcolcon.colcon_core.package_identification[0m [1;30mLevel 1[0m _identify(.) by extension 'ignore_ament_install'
[0.526s] [34mcolcon.colcon_core.package_identification[0m [1;30mLevel 1[0m _identify(.) by extensions ['colcon_pkg']
[0.527s] [34mcolcon.colcon_core.package_identification[0m [1;30mLevel 1[0m _identify(.) by extension 'colcon_pkg'
[0.527s] [34mcolcon.colcon_core.package_identification[0m [1;30mLevel 1[0m _identify(.) by extensions ['colcon_meta']
[0.527s] [34mcolcon.colcon_core.package_identification[0m [1;30mLevel 1[0m _identify(.) by extension 'colcon_meta'
[0.527s] [34mcolcon.colcon_core.package_identification[0m [1;30mLevel 1[0m _identify(.) by extensions ['ros']
[0.527s] [34mcolcon.colcon_core.package_identification[0m [1;30mLevel 1[0m _identify(.) by extension 'ros'
[0.587s] [34mcolcon.colcon_core.package_identification[0m [1;30mLevel 1[0m _identify(.) by extensions ['cmake', 'python']
[0.587s] [34mcolcon.colcon_core.package_identification[0m [1;30mLevel 1[0m _identify(.) by extension 'cmake'
[0.587s] [34mcolcon.colcon_core.package_identification[0m [1;30mLevel 1[0m _identify(.) by extension 'python'
[0.587s] [34mcolcon.colcon_core.package_identification[0m [1;30mLevel 1[0m _identify(.) by extensions ['python_setup_py']
[0.587s] [34mcolcon.colcon_core.package_identification[0m [1;30mLevel 1[0m _identify(.) by extension 'python_setup_py'
[0.587s] [34mcolcon.colcon_core.package_identification[0m [1;30mLevel 1[0m _identify(build) by extensions ['ignore', 'ignore_ament_install']
[0.587s] [34mcolcon.colcon_core.package_identification[0m [1;30mLevel 1[0m _identify(build) by extension 'ignore'
[0.587s] [34mcolcon.colcon_core.package_identification[0m [1;30mLevel 1[0m _identify(build) ignored
[0.588s] [34mcolcon.colcon_core.package_identification[0m [1;30mLevel 1[0m _identify(install) by extensions ['ignore', 'ignore_ament_install']
[0.588s] [34mcolcon.colcon_core.package_identification[0m [1;30mLevel 1[0m _identify(install) by extension 'ignore'
[0.588s] [34mcolcon.colcon_core.package_identification[0m [1;30mLevel 1[0m _identify(install) ignored
[0.588s] [34mcolcon.colcon_core.package_identification[0m [1;30mLevel 1[0m _identify(log) by extensions ['ignore', 'ignore_ament_install']
[0.588s] [34mcolcon.colcon_core.package_identification[0m [1;30mLevel 1[0m _identify(log) by extension 'ignore'
[0.588s] [34mcolcon.colcon_core.package_identification[0m [1;30mLevel 1[0m _identify(log) ignored
[0.589s] [34mcolcon.colcon_core.package_identification[0m [1;30mLevel 1[0m _identify(src) by extensions ['ignore', 'ignore_ament_install']
[0.589s] [34mcolcon.colcon_core.package_identification[0m [1;30mLevel 1[0m _identify(src) by extension 'ignore'
[0.589s] [34mcolcon.colcon_core.package_identification[0m [1;30mLevel 1[0m _identify(src) by extension 'ignore_ament_install'
[0.589s] [34mcolcon.colcon_core.package_identification[0m [1;30mLevel 1[0m _identify(src) by extensions ['colcon_pkg']
[0.589s] [34mcolcon.colcon_core.package_identification[0m [1;30mLevel 1[0m _identify(src) by extension 'colcon_pkg'
[0.589s] [34mcolcon.colcon_core.package_identification[0m [1;30mLevel 1[0m _identify(src) by extensions ['colcon_meta']
[0.589s] [34mcolcon.colcon_core.package_identification[0m [1;30mLevel 1[0m _identify(src) by extension 'colcon_meta'
[0.589s] [34mcolcon.colcon_core.package_identification[0m [1;30mLevel 1[0m _identify(src) by extensions ['ros']
[0.589s] [34mcolcon.colcon_core.package_identification[0m [1;30mLevel 1[0m _identify(src) by extension 'ros'
[0.590s] [34mcolcon.colcon_core.package_identification[0m [1;30mLevel 1[0m _identify(src) by extensions ['cmake', 'python']
[0.590s] [34mcolcon.colcon_core.package_identification[0m [1;30mLevel 1[0m _identify(src) by extension 'cmake'
[0.590s] [34mcolcon.colcon_core.package_identification[0m [1;30mLevel 1[0m _identify(src) by extension 'python'
[0.590s] [34mcolcon.colcon_core.package_identification[0m [1;30mLevel 1[0m _identify(src) by extensions ['python_setup_py']
[0.590s] [34mcolcon.colcon_core.package_identification[0m [1;30mLevel 1[0m _identify(src) by extension 'python_setup_py'
[0.590s] [34mcolcon.colcon_core.package_identification[0m [1;30mLevel 1[0m _identify(src/interfaces) by extensions ['ignore', 'ignore_ament_install']
[0.590s] [34mcolcon.colcon_core.package_identification[0m [1;30mLevel 1[0m _identify(src/interfaces) by extension 'ignore'
[0.590s] [34mcolcon.colcon_core.package_identification[0m [1;30mLevel 1[0m _identify(src/interfaces) by extension 'ignore_ament_install'
[0.591s] [34mcolcon.colcon_core.package_identification[0m [1;30mLevel 1[0m _identify(src/interfaces) by extensions ['colcon_pkg']
[0.591s] [34mcolcon.colcon_core.package_identification[0m [1;30mLevel 1[0m _identify(src/interfaces) by extension 'colcon_pkg'
[0.591s] [34mcolcon.colcon_core.package_identification[0m [1;30mLevel 1[0m _identify(src/interfaces) by extensions ['colcon_meta']
[0.591s] [34mcolcon.colcon_core.package_identification[0m [1;30mLevel 1[0m _identify(src/interfaces) by extension 'colcon_meta'
[0.591s] [34mcolcon.colcon_core.package_identification[0m [1;30mLevel 1[0m _identify(src/interfaces) by extensions ['ros']
[0.591s] [34mcolcon.colcon_core.package_identification[0m [1;30mLevel 1[0m _identify(src/interfaces) by extension 'ros'
[0.596s] [34mcolcon.colcon_core.package_identification[0m [1;30mDEBUG[0m [32mPackage 'src/interfaces' with type 'ros.ament_cmake' and name 'interfaces'[0m
[0.597s] [34mcolcon.colcon_core.package_identification[0m [1;30mLevel 1[0m _identify(src/perception_node) by extensions ['ignore', 'ignore_ament_install']
[0.597s] [34mcolcon.colcon_core.package_identification[0m [1;30mLevel 1[0m _identify(src/perception_node) by extension 'ignore'
[0.597s] [34mcolcon.colcon_core.package_identification[0m [1;30mLevel 1[0m _identify(src/perception_node) by extension 'ignore_ament_install'
[0.597s] [34mcolcon.colcon_core.package_identification[0m [1;30mLevel 1[0m _identify(src/perception_node) by extensions ['colcon_pkg']
[0.597s] [34mcolcon.colcon_core.package_identification[0m [1;30mLevel 1[0m _identify(src/perception_node) by extension 'colcon_pkg'
[0.597s] [34mcolcon.colcon_core.package_identification[0m [1;30mLevel 1[0m _identify(src/perception_node) by extensions ['colcon_meta']
[0.597s] [34mcolcon.colcon_core.package_identification[0m [1;30mLevel 1[0m _identify(src/perception_node) by extension 'colcon_meta'
[0.597s] [34mcolcon.colcon_core.package_identification[0m [1;30mLevel 1[0m _identify(src/perception_node) by extensions ['ros']
[0.597s] [34mcolcon.colcon_core.package_identification[0m [1;30mLevel 1[0m _identify(src/perception_node) by extension 'ros'
[0.599s] [34mcolcon.colcon_core.package_identification[0m [1;30mDEBUG[0m [32mPackage 'src/perception_node' with type 'ros.ament_python' and name 'perception_node'[0m
[0.599s] [34mcolcon.colcon_core.package_identification[0m [1;30mLevel 1[0m _identify(src/px4_msgs) by extensions ['ignore', 'ignore_ament_install']
[0.599s] [34mcolcon.colcon_core.package_identification[0m [1;30mLevel 1[0m _identify(src/px4_msgs) by extension 'ignore'
[0.599s] [34mcolcon.colcon_core.package_identification[0m [1;30mLevel 1[0m _identify(src/px4_msgs) by extension 'ignore_ament_install'
[0.599s] [34mcolcon.colcon_core.package_identification[0m [1;30mLevel 1[0m _identify(src/px4_msgs) by extensions ['colcon_pkg']
[0.599s] [34mcolcon.colcon_core.package_identification[0m [1;30mLevel 1[0m _identify(src/px4_msgs) by extension 'colcon_pkg'
[0.599s] [34mcolcon.colcon_core.package_identification[0m [1;30mLevel 1[0m _identify(src/px4_msgs) by extensions ['colcon_meta']
[0.599s] [34mcolcon.colcon_core.package_identification[0m [1;30mLevel 1[0m _identify(src/px4_msgs) by extension 'colcon_meta'
[0.600s] [34mcolcon.colcon_core.package_identification[0m [1;30mLevel 1[0m _identify(src/px4_msgs) by extensions ['ros']
[0.600s] [34mcolcon.colcon_core.package_identification[0m [1;30mLevel 1[0m _identify(src/px4_msgs) by extension 'ros'
[0.601s] [34mcolcon.colcon_core.package_identification[0m [1;30mDEBUG[0m [32mPackage 'src/px4_msgs' with type 'ros.ament_cmake' and name 'px4_msgs'[0m
[0.601s] [34mcolcon.colcon_core.package_identification[0m [1;30mLevel 1[0m _identify(src/sensor_node) by extensions ['ignore', 'ignore_ament_install']
[0.601s] [34mcolcon.colcon_core.package_identification[0m [1;30mLevel 1[0m _identify(src/sensor_node) by extension 'ignore'
[0.601s] [34mcolcon.colcon_core.package_identification[0m [1;30mLevel 1[0m _identify(src/sensor_node) by extension 'ignore_ament_install'
[0.601s] [34mcolcon.colcon_core.package_identification[0m [1;30mLevel 1[0m _identify(src/sensor_node) by extensions ['colcon_pkg']
[0.602s] [34mcolcon.colcon_core.package_identification[0m [1;30mLevel 1[0m _identify(src/sensor_node) by extension 'colcon_pkg'
[0.602s] [34mcolcon.colcon_core.package_identification[0m [1;30mLevel 1[0m _identify(src/sensor_node) by extensions ['colcon_meta']
[0.602s] [34mcolcon.colcon_core.package_identification[0m [1;30mLevel 1[0m _identify(src/sensor_node) by extension 'colcon_meta'
[0.602s] [34mcolcon.colcon_core.package_identification[0m [1;30mLevel 1[0m _identify(src/sensor_node) by extensions ['ros']
[0.602s] [34mcolcon.colcon_core.package_identification[0m [1;30mLevel 1[0m _identify(src/sensor_node) by extension 'ros'
[0.603s] [34mcolcon.colcon_core.package_identification[0m [1;30mDEBUG[0m [32mPackage 'src/sensor_node' with type 'ros.ament_python' and name 'sensor_node'[0m
[0.603s] [34mcolcon.colcon_core.package_discovery[0m [1;30mLevel 1[0m discover_packages(recursive) using defaults
[0.604s] [34mcolcon.colcon_core.package_discovery[0m [1;30mLevel 1[0m discover_packages(ignore) discover
[0.604s] [34mcolcon.colcon_core.package_discovery[0m [1;30mLevel 1[0m discover_packages(ignore) using defaults
[0.604s] [34mcolcon.colcon_core.package_discovery[0m [1;30mLevel 1[0m discover_packages(path) discover
[0.604s] [34mcolcon.colcon_core.package_discovery[0m [1;30mLevel 1[0m discover_packages(path) using defaults
[0.630s] [34mcolcon.colcon_core.package_selection[0m [1;30mINFO[0m Skipping not selected package 'px4_msgs' in 'src/px4_msgs'
[0.630s] [34mcolcon.colcon_core.package_selection[0m [1;30mINFO[0m Skipping not selected package 'perception_node' in 'src/perception_node'
[0.630s] [34mcolcon.colcon_core.package_selection[0m [1;30mINFO[0m Skipping not selected package 'sensor_node' in 'src/sensor_node'
[0.631s] [34mcolcon.colcon_core.package_discovery[0m [1;30mLevel 1[0m discover_packages(prefix_path) check parameters
[0.631s] [34mcolcon.colcon_core.package_discovery[0m [1;30mLevel 1[0m discover_packages(prefix_path) discover
[0.634s] [34mcolcon.colcon_installed_package_information.package_discovery[0m [1;30mDEBUG[0m [32mFound 313 installed packages in /opt/ros/humble[0m
[0.636s] [34mcolcon.colcon_core.package_discovery[0m [1;30mLevel 1[0m discover_packages(prefix_path) using defaults
[0.679s] [34mcolcon.colcon_core.verb[0m [1;30mLevel 5[0m set package 'interfaces' build argument 'cmake_args' from command line to 'None'
[0.679s] [34mcolcon.colcon_core.verb[0m [1;30mLevel 5[0m set package 'interfaces' build argument 'cmake_target' from command line to 'None'
[0.679s] [34mcolcon.colcon_core.verb[0m [1;30mLevel 5[0m set package 'interfaces' build argument 'cmake_target_skip_unavailable' from command line to 'False'
[0.679s] [34mcolcon.colcon_core.verb[0m [1;30mLevel 5[0m set package 'interfaces' build argument 'cmake_clean_cache' from command line to 'False'
[0.680s] [34mcolcon.colcon_core.verb[0m [1;30mLevel 5[0m set package 'interfaces' build argument 'cmake_clean_first' from command line to 'False'
[0.680s] [34mcolcon.colcon_core.verb[0m [1;30mLevel 5[0m set package 'interfaces' build argument 'cmake_force_configure' from command line to 'False'
[0.680s] [34mcolcon.colcon_core.verb[0m [1;30mLevel 5[0m set package 'interfaces' build argument 'ament_cmake_args' from command line to 'None'
[0.680s] [34mcolcon.colcon_core.verb[0m [1;30mLevel 5[0m set package 'interfaces' build argument 'catkin_cmake_args' from command line to 'None'
[0.680s] [34mcolcon.colcon_core.verb[0m [1;30mLevel 5[0m set package 'interfaces' build argument 'catkin_skip_building_tests' from command line to 'False'
[0.680s] [34mcolcon.colcon_core.verb[0m [1;30mDEBUG[0m [32mBuilding package 'interfaces' with the following arguments: {'ament_cmake_args': None, 'build_base': '/mnt/5252B43652B420A1/Deep_Project/Counter_UAS/ros2_WS/build/interfaces', 'catkin_cmake_args': None, 'catkin_skip_building_tests': False, 'cmake_args': None, 'cmake_clean_cache': False, 'cmake_clean_first': False, 'cmake_force_configure': False, 'cmake_target': None, 'cmake_target_skip_unavailable': False, 'install_base': '/mnt/5252B43652B420A1/Deep_Project/Counter_UAS/ros2_WS/install/interfaces', 'merge_install': False, 'path': '/mnt/5252B43652B420A1/Deep_Project/Counter_UAS/ros2_WS/src/interfaces', 'symlink_install': False, 'test_result_base': None}[0m
[0.680s] [34mcolcon.colcon_core.executor[0m [1;30mINFO[0m Executing jobs using 'parallel' executor
[0.681s] [34mcolcon.colcon_parallel_executor.executor.parallel[0m [1;30mDEBUG[0m [32mrun_until_complete[0m
[0.682s] [34mcolcon.colcon_ros.task.ament_cmake.build[0m [1;30mINFO[0m Building ROS package in '/mnt/5252B43652B420A1/Deep_Project/Counter_UAS/ros2_WS/src/interfaces' with build type 'ament_cmake'
[0.682s] [34mcolcon.colcon_cmake.task.cmake.build[0m [1;30mINFO[0m Building CMake package in '/mnt/5252B43652B420A1/Deep_Project/Counter_UAS/ros2_WS/src/interfaces'
[0.688s] [34mcolcon.colcon_core.plugin_system[0m [1;30mINFO[0m Skipping extension 'colcon_core.shell.bat': Not used on non-Windows systems
[0.688s] [34mcolcon.colcon_core.shell[0m [1;30mINFO[0m Skip shell extension 'powershell' for command environment: Not usable outside of PowerShell
[0.688s] [34mcolcon.colcon_core.shell[0m [1;30mDEBUG[0m [32mSkip shell extension 'dsv' for command environment[0m
[0.699s] [34mcolcon.colcon_core.event_handler.log_command[0m [1;30mDEBUG[0m [32mInvoking command in '/mnt/5252B43652B420A1/Deep_Project/Counter_UAS/ros2_WS/build/interfaces': CMAKE_PREFIX_PATH=/opt/ros/humble /usr/bin/cmake /mnt/5252B43652B420A1/Deep_Project/Counter_UAS/ros2_WS/src/interfaces -DCMAKE_INSTALL_PREFIX=/mnt/5252B43652B420A1/Deep_Project/Counter_UAS/ros2_WS/install/interfaces[0m
[2.847s] [34mcolcon.colcon_core.event_handler.log_command[0m [1;30mDEBUG[0m [32mInvoked command in '/mnt/5252B43652B420A1/Deep_Project/Counter_UAS/ros2_WS/build/interfaces' returned '0': CMAKE_PREFIX_PATH=/opt/ros/humble /usr/bin/cmake /mnt/5252B43652B420A1/Deep_Project/Counter_UAS/ros2_WS/src/interfaces -DCMAKE_INSTALL_PREFIX=/mnt/5252B43652B420A1/Deep_Project/Counter_UAS/ros2_WS/install/interfaces[0m
[2.850s] [34mcolcon.colcon_core.event_handler.log_command[0m [1;30mDEBUG[0m [32mInvoking command in '/mnt/5252B43652B420A1/Deep_Project/Counter_UAS/ros2_WS/build/interfaces': CMAKE_PREFIX_PATH=/opt/ros/humble /usr/bin/cmake --build /mnt/5252B43652B420A1/Deep_Project/Counter_UAS/ros2_WS/build/interfaces -- -j8 -l8[0m
[6.453s] [34mcolcon.colcon_core.event_handler.log_command[0m [1;30mDEBUG[0m [32mInvoked command in '/mnt/5252B43652B420A1/Deep_Project/Counter_UAS/ros2_WS/build/interfaces' returned '0': CMAKE_PREFIX_PATH=/opt/ros/humble /usr/bin/cmake --build /mnt/5252B43652B420A1/Deep_Project/Counter_UAS/ros2_WS/build/interfaces -- -j8 -l8[0m
[6.465s] [34mcolcon.colcon_core.event_handler.log_command[0m [1;30mDEBUG[0m [32mInvoking command in '/mnt/5252B43652B420A1/Deep_Project/Counter_UAS/ros2_WS/build/interfaces': CMAKE_PREFIX_PATH=/opt/ros/humble /usr/bin/cmake --install /mnt/5252B43652B420A1/Deep_Project/Counter_UAS/ros2_WS/build/interfaces[0m
[6.687s] [34mcolcon.colcon_core.environment[0m [1;30mLevel 1[0m create_environment_scripts_only(interfaces)
[6.691s] [34mcolcon.colcon_core.event_handler.log_command[0m [1;30mDEBUG[0m [32mInvoked command in '/mnt/5252B43652B420A1/Deep_Project/Counter_UAS/ros2_WS/build/interfaces' returned '0': CMAKE_PREFIX_PATH=/opt/ros/humble /usr/bin/cmake --install /mnt/5252B43652B420A1/Deep_Project/Counter_UAS/ros2_WS/build/interfaces[0m
[6.701s] [34mcolcon.colcon_core.environment[0m [1;30mLevel 1[0m checking '/mnt/5252B43652B420A1/Deep_Project/Counter_UAS/ros2_WS/install/interfaces' for CMake module files
[6.712s] [34mcolcon.colcon_core.environment[0m [1;30mLevel 1[0m checking '/mnt/5252B43652B420A1/Deep_Project/Counter_UAS/ros2_WS/install/interfaces' for CMake config files
[6.724s] [34mcolcon.colcon_core.shell[0m [1;30mLevel 1[0m create_environment_hook('interfaces', 'cmake_prefix_path')
[6.726s] [34mcolcon.colcon_core.shell[0m [1;30mINFO[0m Creating environment hook '/mnt/5252B43652B420A1/Deep_Project/Counter_UAS/ros2_WS/install/interfaces/share/interfaces/hook/cmake_prefix_path.ps1'
[6.730s] [34mcolcon.colcon_core.shell[0m [1;30mINFO[0m Creating environment descriptor '/mnt/5252B43652B420A1/Deep_Project/Counter_UAS/ros2_WS/install/interfaces/share/interfaces/hook/cmake_prefix_path.dsv'
[6.741s] [34mcolcon.colcon_core.shell[0m [1;30mINFO[0m Creating environment hook '/mnt/5252B43652B420A1/Deep_Project/Counter_UAS/ros2_WS/install/interfaces/share/interfaces/hook/cmake_prefix_path.sh'
[6.748s] [34mcolcon.colcon_core.environment[0m [1;30mLevel 1[0m checking '/mnt/5252B43652B420A1/Deep_Project/Counter_UAS/ros2_WS/install/interfaces/lib'
[6.750s] [34mcolcon.colcon_core.shell[0m [1;30mLevel 1[0m create_environment_hook('interfaces', 'ld_library_path_lib')
[6.750s] [34mcolcon.colcon_core.shell[0m [1;30mINFO[0m Creating environment hook '/mnt/5252B43652B420A1/Deep_Project/Counter_UAS/ros2_WS/install/interfaces/share/interfaces/hook/ld_library_path_lib.ps1'
[6.752s] [34mcolcon.colcon_core.shell[0m [1;30mINFO[0m Creating environment descriptor '/mnt/5252B43652B420A1/Deep_Project/Counter_UAS/ros2_WS/install/interfaces/share/interfaces/hook/ld_library_path_lib.dsv'
[6.756s] [34mcolcon.colcon_core.shell[0m [1;30mINFO[0m Creating environment hook '/mnt/5252B43652B420A1/Deep_Project/Counter_UAS/ros2_WS/install/interfaces/share/interfaces/hook/ld_library_path_lib.sh'
[6.758s] [34mcolcon.colcon_core.environment[0m [1;30mLevel 1[0m checking '/mnt/5252B43652B420A1/Deep_Project/Counter_UAS/ros2_WS/install/interfaces/bin'
[6.759s] [34mcolcon.colcon_core.environment[0m [1;30mLevel 1[0m checking '/mnt/5252B43652B420A1/Deep_Project/Counter_UAS/ros2_WS/install/interfaces/lib/pkgconfig/interfaces.pc'
[6.760s] [34mcolcon.colcon_core.environment[0m [1;30mLevel 1[0m checking '/mnt/5252B43652B420A1/Deep_Project/Counter_UAS/ros2_WS/install/interfaces/lib/python3.10/site-packages'
[6.761s] [34mcolcon.colcon_core.environment[0m [1;30mLevel 1[0m checking '/mnt/5252B43652B420A1/Deep_Project/Counter_UAS/ros2_WS/install/interfaces/bin'
[6.762s] [34mcolcon.colcon_core.shell[0m [1;30mINFO[0m Creating package script '/mnt/5252B43652B420A1/Deep_Project/Counter_UAS/ros2_WS/install/interfaces/share/interfaces/package.ps1'
[6.765s] [34mcolcon.colcon_core.shell[0m [1;30mINFO[0m Creating package descriptor '/mnt/5252B43652B420A1/Deep_Project/Counter_UAS/ros2_WS/install/interfaces/share/interfaces/package.dsv'
[6.767s] [34mcolcon.colcon_core.shell[0m [1;30mINFO[0m Creating package script '/mnt/5252B43652B420A1/Deep_Project/Counter_UAS/ros2_WS/install/interfaces/share/interfaces/package.sh'
[6.769s] [34mcolcon.colcon_core.shell[0m [1;30mINFO[0m Creating package script '/mnt/5252B43652B420A1/Deep_Project/Counter_UAS/ros2_WS/install/interfaces/share/interfaces/package.bash'
[6.771s] [34mcolcon.colcon_core.shell[0m [1;30mINFO[0m Creating package script '/mnt/5252B43652B420A1/Deep_Project/Counter_UAS/ros2_WS/install/interfaces/share/interfaces/package.zsh'
[6.773s] [34mcolcon.colcon_core.environment[0m [1;30mLevel 1[0m create_file_with_runtime_dependencies(/mnt/5252B43652B420A1/Deep_Project/Counter_UAS/ros2_WS/install/interfaces/share/colcon-core/packages/interfaces)
[6.774s] [34mcolcon.colcon_core.environment[0m [1;30mLevel 1[0m create_environment_scripts_only(interfaces)
[6.774s] [34mcolcon.colcon_core.environment[0m [1;30mLevel 1[0m checking '/mnt/5252B43652B420A1/Deep_Project/Counter_UAS/ros2_WS/install/interfaces' for CMake module files
[6.777s] [34mcolcon.colcon_core.environment[0m [1;30mLevel 1[0m checking '/mnt/5252B43652B420A1/Deep_Project/Counter_UAS/ros2_WS/install/interfaces' for CMake config files
[6.795s] [34mcolcon.colcon_core.shell[0m [1;30mLevel 1[0m create_environment_hook('interfaces', 'cmake_prefix_path')
[6.795s] [34mcolcon.colcon_core.shell[0m [1;30mINFO[0m Creating environment hook '/mnt/5252B43652B420A1/Deep_Project/Counter_UAS/ros2_WS/install/interfaces/share/interfaces/hook/cmake_prefix_path.ps1'
[6.797s] [34mcolcon.colcon_core.shell[0m [1;30mINFO[0m Creating environment descriptor '/mnt/5252B43652B420A1/Deep_Project/Counter_UAS/ros2_WS/install/interfaces/share/interfaces/hook/cmake_prefix_path.dsv'
[6.798s] [34mcolcon.colcon_core.shell[0m [1;30mINFO[0m Creating environment hook '/mnt/5252B43652B420A1/Deep_Project/Counter_UAS/ros2_WS/install/interfaces/share/interfaces/hook/cmake_prefix_path.sh'
[6.800s] [34mcolcon.colcon_core.environment[0m [1;30mLevel 1[0m checking '/mnt/5252B43652B420A1/Deep_Project/Counter_UAS/ros2_WS/install/interfaces/lib'
[6.800s] [34mcolcon.colcon_core.shell[0m [1;30mLevel 1[0m create_environment_hook('interfaces', 'ld_library_path_lib')
[6.801s] [34mcolcon.colcon_core.shell[0m [1;30mINFO[0m Creating environment hook '/mnt/5252B43652B420A1/Deep_Project/Counter_UAS/ros2_WS/install/interfaces/share/interfaces/hook/ld_library_path_lib.ps1'
[6.802s] [34mcolcon.colcon_core.shell[0m [1;30mINFO[0m Creating environment descriptor '/mnt/5252B43652B420A1/Deep_Project/Counter_UAS/ros2_WS/install/interfaces/share/interfaces/hook/ld_library_path_lib.dsv'
[6.803s] [34mcolcon.colcon_core.shell[0m [1;30mINFO[0m Creating environment hook '/mnt/5252B43652B420A1/Deep_Project/Counter_UAS/ros2_WS/install/interfaces/share/interfaces/hook/ld_library_path_lib.sh'
[6.804s] [34mcolcon.colcon_core.environment[0m [1;30mLevel 1[0m checking '/mnt/5252B43652B420A1/Deep_Project/Counter_UAS/ros2_WS/install/interfaces/bin'
[6.804s] [34mcolcon.colcon_core.environment[0m [1;30mLevel 1[0m checking '/mnt/5252B43652B420A1/Deep_Project/Counter_UAS/ros2_WS/install/interfaces/lib/pkgconfig/interfaces.pc'
[6.805s] [34mcolcon.colcon_core.environment[0m [1;30mLevel 1[0m checking '/mnt/5252B43652B420A1/Deep_Project/Counter_UAS/ros2_WS/install/interfaces/lib/python3.10/site-packages'
[6.805s] [34mcolcon.colcon_core.environment[0m [1;30mLevel 1[0m checking '/mnt/5252B43652B420A1/Deep_Project/Counter_UAS/ros2_WS/install/interfaces/bin'
[6.806s] [34mcolcon.colcon_core.shell[0m [1;30mINFO[0m Creating package script '/mnt/5252B43652B420A1/Deep_Project/Counter_UAS/ros2_WS/install/interfaces/share/interfaces/package.ps1'
[6.807s] [34mcolcon.colcon_core.shell[0m [1;30mINFO[0m Creating package descriptor '/mnt/5252B43652B420A1/Deep_Project/Counter_UAS/ros2_WS/install/interfaces/share/interfaces/package.dsv'
[6.808s] [34mcolcon.colcon_core.shell[0m [1;30mINFO[0m Creating package script '/mnt/5252B43652B420A1/Deep_Project/Counter_UAS/ros2_WS/install/interfaces/share/interfaces/package.sh'
[6.809s] [34mcolcon.colcon_core.shell[0m [1;30mINFO[0m Creating package script '/mnt/5252B43652B420A1/Deep_Project/Counter_UAS/ros2_WS/install/interfaces/share/interfaces/package.bash'
[6.809s] [34mcolcon.colcon_core.shell[0m [1;30mINFO[0m Creating package script '/mnt/5252B43652B420A1/Deep_Project/Counter_UAS/ros2_WS/install/interfaces/share/interfaces/package.zsh'
[6.810s] [34mcolcon.colcon_core.environment[0m [1;30mLevel 1[0m create_file_with_runtime_dependencies(/mnt/5252B43652B420A1/Deep_Project/Counter_UAS/ros2_WS/install/interfaces/share/colcon-core/packages/interfaces)
[6.810s] [34mcolcon.colcon_parallel_executor.executor.parallel[0m [1;30mDEBUG[0m [32mclosing loop[0m
[6.811s] [34mcolcon.colcon_parallel_executor.executor.parallel[0m [1;30mDEBUG[0m [32mloop closed[0m
[6.811s] [34mcolcon.colcon_parallel_executor.executor.parallel[0m [1;30mDEBUG[0m [32mrun_until_complete finished with '0'[0m
[6.811s] [34mcolcon.colcon_core.event_reactor[0m [1;30mDEBUG[0m [32mjoining thread[0m
[6.824s] [34mcolcon.colcon_core.plugin_system[0m [1;30mINFO[0m Skipping extension 'colcon_notification.desktop_notification.terminal_notifier': Not used on non-Darwin systems
[6.824s] [34mcolcon.colcon_core.plugin_system[0m [1;30mINFO[0m Skipping extension 'colcon_notification.desktop_notification.win32': Not used on non-Windows systems
[6.825s] [34mcolcon.colcon_notification.desktop_notification[0m [1;30mINFO[0m Sending desktop notification using 'notify2'
[6.886s] [34mcolcon.colcon_core.event_reactor[0m [1;30mDEBUG[0m [32mjoined thread[0m
[6.887s] [34mcolcon.colcon_core.shell[0m [1;30mINFO[0m Creating prefix script '/mnt/5252B43652B420A1/Deep_Project/Counter_UAS/ros2_WS/install/local_setup.ps1'
[6.888s] [34mcolcon.colcon_core.shell[0m [1;30mINFO[0m Creating prefix util module '/mnt/5252B43652B420A1/Deep_Project/Counter_UAS/ros2_WS/install/_local_setup_util_ps1.py'
[6.892s] [34mcolcon.colcon_core.shell[0m [1;30mINFO[0m Creating prefix chain script '/mnt/5252B43652B420A1/Deep_Project/Counter_UAS/ros2_WS/install/setup.ps1'
[6.894s] [34mcolcon.colcon_core.shell[0m [1;30mINFO[0m Creating prefix script '/mnt/5252B43652B420A1/Deep_Project/Counter_UAS/ros2_WS/install/local_setup.sh'
[6.895s] [34mcolcon.colcon_core.shell[0m [1;30mINFO[0m Creating prefix util module '/mnt/5252B43652B420A1/Deep_Project/Counter_UAS/ros2_WS/install/_local_setup_util_sh.py'
[6.897s] [34mcolcon.colcon_core.shell[0m [1;30mINFO[0m Creating prefix chain script '/mnt/5252B43652B420A1/Deep_Project/Counter_UAS/ros2_WS/install/setup.sh'
[6.898s] [34mcolcon.colcon_core.shell[0m [1;30mINFO[0m Creating prefix script '/mnt/5252B43652B420A1/Deep_Project/Counter_UAS/ros2_WS/install/local_setup.bash'
[6.899s] [34mcolcon.colcon_core.shell[0m [1;30mINFO[0m Creating prefix chain script '/mnt/5252B43652B420A1/Deep_Project/Counter_UAS/ros2_WS/install/setup.bash'
[6.901s] [34mcolcon.colcon_core.shell[0m [1;30mINFO[0m Creating prefix script '/mnt/5252B43652B420A1/Deep_Project/Counter_UAS/ros2_WS/install/local_setup.zsh'
[6.903s] [34mcolcon.colcon_core.shell[0m [1;30mINFO[0m Creating prefix chain script '/mnt/5252B43652B420A1/Deep_Project/Counter_UAS/ros2_WS/install/setup.zsh'
